   1              		.cpu cortex-m0
   2              		.fpu softvfp
   3              		.eabi_attribute 20, 1
   4              		.eabi_attribute 21, 1
   5              		.eabi_attribute 23, 3
   6              		.eabi_attribute 24, 1
   7              		.eabi_attribute 25, 1
   8              		.eabi_attribute 26, 1
   9              		.eabi_attribute 30, 6
  10              		.eabi_attribute 34, 0
  11              		.eabi_attribute 18, 4
  12              		.code	16
  13              		.file	"light_ws2812_cortex.c"
  14              		.text
  15              	.Ltext0:
  16              		.cfi_sections	.debug_frame
  17              		.section	.text.ws2812_sendarray,"ax",%progbits
  18              		.align	2
  19              		.global	ws2812_sendarray
  20              		.code	16
  21              		.thumb_func
  23              	ws2812_sendarray:
  24              	.LFB33:
  25              		.file 1 "../light_ws2812_cortex.c"
   1:../light_ws2812_cortex.c **** /*
   2:../light_ws2812_cortex.c ****  * light weight WS2812 lib - ARM Cortex M0/M0+ version
   3:../light_ws2812_cortex.c ****  *
   4:../light_ws2812_cortex.c ****  * Created: 07.07.2013
   5:../light_ws2812_cortex.c ****  *  Author: Tim (cpldcpu@gmail.com)
   6:../light_ws2812_cortex.c ****  */
   7:../light_ws2812_cortex.c **** 
   8:../light_ws2812_cortex.c **** #include "light_ws2812_cortex.h"
   9:../light_ws2812_cortex.c **** /*
  10:../light_ws2812_cortex.c **** * The total length of each bit is 1.25탎 (25 cycles @ 20Mhz)
  11:../light_ws2812_cortex.c **** * At 0탎 the dataline is pulled high.
  12:../light_ws2812_cortex.c **** * To send a zero the dataline is pulled low after 0.375탎
  13:../light_ws2812_cortex.c **** * To send a one the dataline is pulled low after 0.625탎
  14:../light_ws2812_cortex.c **** */
  15:../light_ws2812_cortex.c **** 
  16:../light_ws2812_cortex.c **** #define ws2812_ctot	(((ws2812_cpuclk/1000)*1250)/1000000)
  17:../light_ws2812_cortex.c **** #define ws2812_t1	(((ws2812_cpuclk/1000)*375 )/1000000)		// floor
  18:../light_ws2812_cortex.c **** #define ws2812_t2	(((ws2812_cpuclk/1000)*625+500000)/1000000) // ceil
  19:../light_ws2812_cortex.c **** 
  20:../light_ws2812_cortex.c **** #define w1 (ws2812_t1-2)
  21:../light_ws2812_cortex.c **** #define w2 (ws2812_t2-ws2812_t1-2)
  22:../light_ws2812_cortex.c **** #define w3 (ws2812_ctot-ws2812_t2-5)
  23:../light_ws2812_cortex.c **** 
  24:../light_ws2812_cortex.c **** #define ws2812_DEL1 "	nop		\n\t"
  25:../light_ws2812_cortex.c **** #define ws2812_DEL2 "	b	.+2	\n\t"
  26:../light_ws2812_cortex.c **** #define ws2812_DEL4 ws2812_DEL2 ws2812_DEL2
  27:../light_ws2812_cortex.c **** #define ws2812_DEL8 ws2812_DEL4 ws2812_DEL4
  28:../light_ws2812_cortex.c **** #define ws2812_DEL16 ws2812_DEL8 ws2812_DEL8
  29:../light_ws2812_cortex.c **** 
  30:../light_ws2812_cortex.c **** 
  31:../light_ws2812_cortex.c **** void ws2812_sendarray(uint8_t *data,int datlen)
  32:../light_ws2812_cortex.c **** {
  26              		.loc 1 32 0
  27              		.cfi_startproc
  28 0000 B0B5     		push	{r4, r5, r7, lr}
  29              	.LCFI0:
  30              		.cfi_def_cfa_offset 16
  31              		.cfi_offset 4, -16
  32              		.cfi_offset 5, -12
  33              		.cfi_offset 7, -8
  34              		.cfi_offset 14, -4
  35 0002 88B0     		sub	sp, sp, #32
  36              	.LCFI1:
  37              		.cfi_def_cfa_offset 48
  38 0004 00AF     		add	r7, sp, #0
  39              	.LCFI2:
  40              		.cfi_def_cfa_register 7
  41 0006 7860     		str	r0, [r7, #4]
  42 0008 3960     		str	r1, [r7]
  33:../light_ws2812_cortex.c **** 	uint32_t maskhi = ws2812_mask_set;
  43              		.loc 1 33 0
  44 000a 2023     		mov	r3, #32
  45 000c BB61     		str	r3, [r7, #24]
  34:../light_ws2812_cortex.c **** 	uint32_t masklo = ws2812_mask_clr;
  46              		.loc 1 34 0
  47 000e 8023     		mov	r3, #128
  48 0010 9B03     		lsl	r3, r3, #14
  49 0012 7B61     		str	r3, [r7, #20]
  35:../light_ws2812_cortex.c **** 	volatile uint32_t *set = ws2812_port_set;
  50              		.loc 1 35 0
  51 0014 144B     		ldr	r3, .L4
  52 0016 3B61     		str	r3, [r7, #16]
  36:../light_ws2812_cortex.c **** 	volatile uint32_t *clr = ws2812_port_clr;
  53              		.loc 1 36 0
  54 0018 134B     		ldr	r3, .L4
  55 001a FB60     		str	r3, [r7, #12]
  37:../light_ws2812_cortex.c **** 	uint32_t i;
  38:../light_ws2812_cortex.c **** 	uint32_t curbyte;
  39:../light_ws2812_cortex.c **** 
  40:../light_ws2812_cortex.c **** 	while (datlen--) {
  56              		.loc 1 40 0
  57 001c 17E0     		b	.L2
  58              	.L3:
  41:../light_ws2812_cortex.c **** 		curbyte=*data++;
  59              		.loc 1 41 0
  60 001e 7B68     		ldr	r3, [r7, #4]
  61 0020 1B78     		ldrb	r3, [r3]
  62 0022 BB60     		str	r3, [r7, #8]
  63 0024 7B68     		ldr	r3, [r7, #4]
  64 0026 0133     		add	r3, r3, #1
  65 0028 7B60     		str	r3, [r7, #4]
  42:../light_ws2812_cortex.c **** 
  43:../light_ws2812_cortex.c **** 	asm volatile(
  66              		.loc 1 43 0
  67 002a BB68     		ldr	r3, [r7, #8]
  68 002c 3A69     		ldr	r2, [r7, #16]
  69 002e F968     		ldr	r1, [r7, #12]
  70 0030 7869     		ldr	r0, [r7, #20]
  71 0032 BD69     		ldr	r5, [r7, #24]
  72 0034 FC69     		ldr	r4, [r7, #28]
  73              	@ 43 "../light_ws2812_cortex.c" 1
  74 0036 1B06     				lsl r3,#24				
  75 0038 0824     				movs r4,#8				
  76              		ilop45:							
  77 003a 5B00     				lsl r3, #1				
  78 003c 1560     				str r5, [r2]		
  79 003e C046     			nop		
  80 0040 00D2     				bcs one45					
  81 0042 0860     				str r0, [r1]		
  82              		one45:								
  83 0044 013C     				sub r4, #1				
  84 0046 0860     				str r0, [r1]		
  85 0048 00D0     				beq	end45					
  86 004a F6E7     				b 	ilop45					
  87              		end45:								
  88              		
  89              	@ 0 "" 2
  90              		.code	16
  91 004c FC61     		str	r4, [r7, #28]
  92              	.L2:
  40:../light_ws2812_cortex.c **** 	while (datlen--) {
  93              		.loc 1 40 0 discriminator 1
  94 004e 3B68     		ldr	r3, [r7]
  95 0050 5A1E     		sub	r2, r3, #1
  96 0052 9341     		sbc	r3, r3, r2
  97 0054 DBB2     		uxtb	r3, r3
  98 0056 3A68     		ldr	r2, [r7]
  99 0058 013A     		sub	r2, r2, #1
 100 005a 3A60     		str	r2, [r7]
 101 005c 002B     		cmp	r3, #0
 102 005e DED1     		bne	.L3
  44:../light_ws2812_cortex.c **** 			"		lsl %[dat],#24				\n\t"
  45:../light_ws2812_cortex.c **** 			"		movs %[ctr],#8				\n\t"
  46:../light_ws2812_cortex.c **** 			"ilop%=:							\n\t"
  47:../light_ws2812_cortex.c **** 			"		lsl %[dat], #1				\n\t"
  48:../light_ws2812_cortex.c **** 			"		str %[maskhi], [%[set]]		\n\t"
  49:../light_ws2812_cortex.c **** #if (w1&1)
  50:../light_ws2812_cortex.c **** 			ws2812_DEL1
  51:../light_ws2812_cortex.c **** #endif
  52:../light_ws2812_cortex.c **** #if (w1&2)
  53:../light_ws2812_cortex.c **** 			ws2812_DEL2
  54:../light_ws2812_cortex.c **** #endif
  55:../light_ws2812_cortex.c **** #if (w1&4)
  56:../light_ws2812_cortex.c **** 			ws2812_DEL4
  57:../light_ws2812_cortex.c **** #endif
  58:../light_ws2812_cortex.c **** #if (w1&8)
  59:../light_ws2812_cortex.c **** 			ws2812_DEL8
  60:../light_ws2812_cortex.c **** #endif
  61:../light_ws2812_cortex.c **** #if (w1&16)
  62:../light_ws2812_cortex.c **** 			ws2812_DEL16
  63:../light_ws2812_cortex.c **** #endif
  64:../light_ws2812_cortex.c **** 			"		bcs one%=					\n\t"
  65:../light_ws2812_cortex.c **** 			"		str %[masklo], [%[clr]]		\n\t"
  66:../light_ws2812_cortex.c **** 			"one%=:								\n\t"
  67:../light_ws2812_cortex.c **** #if (w2&1)
  68:../light_ws2812_cortex.c **** 			ws2812_DEL1
  69:../light_ws2812_cortex.c **** #endif
  70:../light_ws2812_cortex.c **** #if (w2&2)
  71:../light_ws2812_cortex.c **** 			ws2812_DEL2
  72:../light_ws2812_cortex.c **** #endif
  73:../light_ws2812_cortex.c **** #if (w2&4)
  74:../light_ws2812_cortex.c **** 			ws2812_DEL4
  75:../light_ws2812_cortex.c **** #endif
  76:../light_ws2812_cortex.c **** #if (w2&8)
  77:../light_ws2812_cortex.c **** 			ws2812_DEL8
  78:../light_ws2812_cortex.c **** #endif
  79:../light_ws2812_cortex.c **** #if (w2&16)
  80:../light_ws2812_cortex.c **** 			ws2812_DEL16
  81:../light_ws2812_cortex.c **** #endif
  82:../light_ws2812_cortex.c **** 			"		sub %[ctr], #1				\n\t"
  83:../light_ws2812_cortex.c **** 			"		str %[masklo], [%[clr]]		\n\t"
  84:../light_ws2812_cortex.c **** 			"		beq	end%=					\n\t"
  85:../light_ws2812_cortex.c **** #if (w3&1)
  86:../light_ws2812_cortex.c **** 			ws2812_DEL1
  87:../light_ws2812_cortex.c **** #endif
  88:../light_ws2812_cortex.c **** #if (w3&2)
  89:../light_ws2812_cortex.c **** 			ws2812_DEL2
  90:../light_ws2812_cortex.c **** #endif
  91:../light_ws2812_cortex.c **** #if (w3&4)
  92:../light_ws2812_cortex.c **** 			ws2812_DEL4
  93:../light_ws2812_cortex.c **** #endif
  94:../light_ws2812_cortex.c **** #if (w3&8)
  95:../light_ws2812_cortex.c **** 			ws2812_DEL8
  96:../light_ws2812_cortex.c **** #endif
  97:../light_ws2812_cortex.c **** #if (w3&16)
  98:../light_ws2812_cortex.c **** 			ws2812_DEL16
  99:../light_ws2812_cortex.c **** #endif
 100:../light_ws2812_cortex.c **** 
 101:../light_ws2812_cortex.c **** 			"		b 	ilop%=					\n\t"
 102:../light_ws2812_cortex.c **** 			"end%=:								\n\t"
 103:../light_ws2812_cortex.c **** 			:	[ctr] "+r" (i)
 104:../light_ws2812_cortex.c **** 			:	[dat] "r" (curbyte), [set] "r" (set), [clr] "r" (clr), [masklo] "r" (masklo), [maskhi] "r" (ma
 105:../light_ws2812_cortex.c **** 			);
 106:../light_ws2812_cortex.c **** 	}
 107:../light_ws2812_cortex.c **** }
 103              		.loc 1 107 0
 104 0060 BD46     		mov	sp, r7
 105 0062 08B0     		add	sp, sp, #32
 106              		@ sp needed for prologue
 107 0064 B0BD     		pop	{r4, r5, r7, pc}
 108              	.L5:
 109 0066 C046     		.align	2
 110              	.L4:
 111 0068 04000440 		.word	1074003972
 112              		.cfi_endproc
 113              	.LFE33:
 115              		.text
 116              	.Letext0:
 117              		.file 2 "c:\\dave-3.1.10\\arm-gcc\\bin\\../lib/gcc/arm-none-eabi/4.7.4/../../../../arm-none-eabi/i
DEFINED SYMBOLS
                            *ABS*:00000000 light_ws2812_cortex.c
C:\Users\blinch\AppData\Local\Temp\ccqTJDLr.s:18     .text.ws2812_sendarray:00000000 $t
C:\Users\blinch\AppData\Local\Temp\ccqTJDLr.s:23     .text.ws2812_sendarray:00000000 ws2812_sendarray
C:\Users\blinch\AppData\Local\Temp\ccqTJDLr.s:76     .text.ws2812_sendarray:0000003a ilop45
C:\Users\blinch\AppData\Local\Temp\ccqTJDLr.s:82     .text.ws2812_sendarray:00000044 one45
C:\Users\blinch\AppData\Local\Temp\ccqTJDLr.s:87     .text.ws2812_sendarray:0000004c end45
C:\Users\blinch\AppData\Local\Temp\ccqTJDLr.s:111    .text.ws2812_sendarray:00000068 $d
                     .debug_frame:00000010 $d
                           .group:00000000 wm4.1.4f34ab06ae2725aaf04d3230f4ec23a7
                           .group:00000000 wm4.newlib.h.8.a9901dc52d1357e3e94003403d43f8b5
                           .group:00000000 wm4.features.h.22.b72b3baab2bb2eab3661375590100b6b
                           .group:00000000 wm4.config.h.193.5fb8ef056cdff92dec3dee9552839d8c
                           .group:00000000 wm4._ansi.h.23.7aefdac4826acebbfc9f3822a0aeb14c
                           .group:00000000 wm4.stdint.h.20.54ad762faa59e3c05491630641c8d8bf
                           .group:00000000 wm4.XMC1100.h.45.7a7cd799d7738130fcda8b83b0aa37d4
                           .group:00000000 wm4.core_cm0.h.47.022e66414e77714da7c4b30b3ad99fe8
                           .group:00000000 wm4.core_cmInstr.h.39.b7b6650bdd2316848d940915272d75b8
                           .group:00000000 wm4.core_cm0.h.135.ca70469f87e143609670bb393bfa6518
                           .group:00000000 wm4.XMC1000_RomFunctionTable.h.31.6d9a94465618f31b040dc9cea9a47ad7
                           .group:00000000 wm4.XMC1100.h.114.be3711f71ee045884346be801053f4c0
                           .group:00000000 wm4.light_ws2812_cortex.h.33.6e29ad802bbc1ae239ebaf02524857a4

NO UNDEFINED SYMBOLS
