   1              		.cpu cortex-m0
   2              		.fpu softvfp
   3              		.eabi_attribute 20, 1
   4              		.eabi_attribute 21, 1
   5              		.eabi_attribute 23, 3
   6              		.eabi_attribute 24, 1
   7              		.eabi_attribute 25, 1
   8              		.eabi_attribute 26, 1
   9              		.eabi_attribute 30, 6
  10              		.eabi_attribute 34, 0
  11              		.eabi_attribute 18, 4
  12              		.code	16
  13              		.file	"main.c"
  14              		.text
  15              	.Ltext0:
  16              		.cfi_sections	.debug_frame
  17              		.section	.text.P0_5_set_mode,"ax",%progbits
  18              		.align	2
  19              		.code	16
  20              		.thumb_func
  22              	P0_5_set_mode:
  23              	.LFB83:
  24              		.file 1 "../GPIO.h"
   1:../GPIO.h     **** #ifndef __GPIO_H__
   2:../GPIO.h     **** #define __GPIO_H__
   3:../GPIO.h     **** 
   4:../GPIO.h     **** /* Generated for XMC1100_TSSOP38 on: Wed Feb 13 23:11:00 2013*/
   5:../GPIO.h     **** 
   6:../GPIO.h     **** #include <XMC1100.h>
   7:../GPIO.h     **** 
   8:../GPIO.h     **** #define INPUT           0x00U
   9:../GPIO.h     **** #define INPUT_PD        0x08U
  10:../GPIO.h     **** #define INPUT_PU        0x10U
  11:../GPIO.h     **** #define INPUT_PPS       0x18U
  12:../GPIO.h     **** #define INPUT_INV       0x20U
  13:../GPIO.h     **** #define INPUT_INV_PD    0x28U
  14:../GPIO.h     **** #define INPUT_INV_PU    0x30U
  15:../GPIO.h     **** #define INPUT_INV_PPS   0x38U
  16:../GPIO.h     **** #define OUTPUT_PP_GP    0x80U
  17:../GPIO.h     **** #define OUTPUT_PP_AF1   0x88U
  18:../GPIO.h     **** #define OUTPUT_PP_AF2   0x90U
  19:../GPIO.h     **** #define OUTPUT_PP_AF3   0x98U
  20:../GPIO.h     **** #define OUTPUT_PP_AF4   0xA0U
  21:../GPIO.h     **** #define OUTPUT_PP_AF5   0xA8U
  22:../GPIO.h     **** #define OUTPUT_PP_AF6   0xB0U
  23:../GPIO.h     **** #define OUTPUT_PP_AF7   0xB8U
  24:../GPIO.h     **** #define OUTPUT_OD_GP    0xC0U
  25:../GPIO.h     **** #define OUTPUT_OD_AF1   0xC8U
  26:../GPIO.h     **** #define OUTPUT_OD_AF2   0xD0U
  27:../GPIO.h     **** #define OUTPUT_OD_AF3   0xD8U
  28:../GPIO.h     **** #define OUTPUT_OD_AF4   0XE0U
  29:../GPIO.h     **** #define OUTPUT_OD_AF5   0xE8U
  30:../GPIO.h     **** #define OUTPUT_OD_AF6   0xF0U
  31:../GPIO.h     **** #define OUTPUT_OD_AF7   0XF8U
  32:../GPIO.h     **** 
  33:../GPIO.h     **** #define SOFTWARE        0x0UL
  34:../GPIO.h     **** #define HW0             0x1UL
  35:../GPIO.h     **** #define HW1             0x2UL
  36:../GPIO.h     **** 
  37:../GPIO.h     **** __STATIC_INLINE void P0_0_set_mode(uint8_t mode){
  38:../GPIO.h     ****     PORT0->IOCR0 &= ~0x000000f8UL;
  39:../GPIO.h     ****     PORT0->IOCR0 |= mode << 0;
  40:../GPIO.h     **** }
  41:../GPIO.h     **** 
  42:../GPIO.h     **** __STATIC_INLINE void P0_0_set_hwsel(uint32_t config){
  43:../GPIO.h     ****     PORT0->HWSEL &= ~0x00000003UL;
  44:../GPIO.h     ****     PORT0->HWSEL |= config << 0;
  45:../GPIO.h     **** }
  46:../GPIO.h     **** 
  47:../GPIO.h     **** __STATIC_INLINE void P0_0_set_standard_hysteresis(){
  48:../GPIO.h     ****     PORT0->PHCR0 &= ~0x00000004UL;
  49:../GPIO.h     **** }
  50:../GPIO.h     **** 
  51:../GPIO.h     **** __STATIC_INLINE void P0_0_set_large_hysteresis(){
  52:../GPIO.h     ****     PORT0->PHCR0 |= 0x00000004UL;
  53:../GPIO.h     **** }
  54:../GPIO.h     **** 
  55:../GPIO.h     **** __STATIC_INLINE void P0_0_set(void){
  56:../GPIO.h     ****     PORT0->OMR = 0x00000001UL;
  57:../GPIO.h     **** }
  58:../GPIO.h     **** 
  59:../GPIO.h     **** __STATIC_INLINE void P0_0_reset(void){
  60:../GPIO.h     ****     PORT0->OMR = 0x00010000UL;
  61:../GPIO.h     **** }
  62:../GPIO.h     **** 
  63:../GPIO.h     **** __STATIC_INLINE void P0_0_toggle(void){
  64:../GPIO.h     ****     PORT0->OMR = 0x00010001UL;
  65:../GPIO.h     **** }
  66:../GPIO.h     **** 
  67:../GPIO.h     **** __STATIC_INLINE uint32_t P0_0_read(void){
  68:../GPIO.h     ****     return(PORT0->IN & 0x00000001UL);
  69:../GPIO.h     **** }
  70:../GPIO.h     **** 
  71:../GPIO.h     **** __STATIC_INLINE void P0_0_enable_pps(void){
  72:../GPIO.h     ****     PORT0->PPS |= 0x00000001UL;
  73:../GPIO.h     **** }
  74:../GPIO.h     **** 
  75:../GPIO.h     **** __STATIC_INLINE void P0_0_disable_pps(void){
  76:../GPIO.h     ****     PORT0->PPS &= ~0x00000001UL;
  77:../GPIO.h     **** }
  78:../GPIO.h     **** 
  79:../GPIO.h     **** __STATIC_INLINE void P0_1_set_mode(uint8_t mode){
  80:../GPIO.h     ****     PORT0->IOCR0 &= ~0x0000f800UL;
  81:../GPIO.h     ****     PORT0->IOCR0 |= mode << 8;
  82:../GPIO.h     **** }
  83:../GPIO.h     **** 
  84:../GPIO.h     **** __STATIC_INLINE void P0_1_set_hwsel(uint32_t config){
  85:../GPIO.h     ****     PORT0->HWSEL &= ~0x0000000cUL;
  86:../GPIO.h     ****     PORT0->HWSEL |= config << 2;
  87:../GPIO.h     **** }
  88:../GPIO.h     **** 
  89:../GPIO.h     **** __STATIC_INLINE void P0_1_set_standard_hysteresis(){
  90:../GPIO.h     ****     PORT0->PHCR0 &= ~0x00000040UL;
  91:../GPIO.h     **** }
  92:../GPIO.h     **** 
  93:../GPIO.h     **** __STATIC_INLINE void P0_1_set_large_hysteresis(){
  94:../GPIO.h     ****     PORT0->PHCR0 |= 0x00000040UL;
  95:../GPIO.h     **** }
  96:../GPIO.h     **** 
  97:../GPIO.h     **** __STATIC_INLINE void P0_1_set(void){
  98:../GPIO.h     ****     PORT0->OMR = 0x00000002UL;
  99:../GPIO.h     **** }
 100:../GPIO.h     **** 
 101:../GPIO.h     **** __STATIC_INLINE void P0_1_reset(void){
 102:../GPIO.h     ****     PORT0->OMR = 0x00020000UL;
 103:../GPIO.h     **** }
 104:../GPIO.h     **** 
 105:../GPIO.h     **** __STATIC_INLINE void P0_1_toggle(void){
 106:../GPIO.h     ****     PORT0->OMR = 0x00020002UL;
 107:../GPIO.h     **** }
 108:../GPIO.h     **** 
 109:../GPIO.h     **** __STATIC_INLINE uint32_t P0_1_read(void){
 110:../GPIO.h     ****     return(PORT0->IN & 0x00000002UL);
 111:../GPIO.h     **** }
 112:../GPIO.h     **** 
 113:../GPIO.h     **** __STATIC_INLINE void P0_1_enable_pps(void){
 114:../GPIO.h     ****     PORT0->PPS |= 0x00000002UL;
 115:../GPIO.h     **** }
 116:../GPIO.h     **** 
 117:../GPIO.h     **** __STATIC_INLINE void P0_1_disable_pps(void){
 118:../GPIO.h     ****     PORT0->PPS &= ~0x00000002UL;
 119:../GPIO.h     **** }
 120:../GPIO.h     **** 
 121:../GPIO.h     **** __STATIC_INLINE void P0_2_set_mode(uint8_t mode){
 122:../GPIO.h     ****     PORT0->IOCR0 &= ~0x00f80000UL;
 123:../GPIO.h     ****     PORT0->IOCR0 |= mode << 16;
 124:../GPIO.h     **** }
 125:../GPIO.h     **** 
 126:../GPIO.h     **** __STATIC_INLINE void P0_2_set_hwsel(uint32_t config){
 127:../GPIO.h     ****     PORT0->HWSEL &= ~0x00000030UL;
 128:../GPIO.h     ****     PORT0->HWSEL |= config << 4;
 129:../GPIO.h     **** }
 130:../GPIO.h     **** 
 131:../GPIO.h     **** __STATIC_INLINE void P0_2_set_standard_hysteresis(){
 132:../GPIO.h     ****     PORT0->PHCR0 &= ~0x00000400UL;
 133:../GPIO.h     **** }
 134:../GPIO.h     **** 
 135:../GPIO.h     **** __STATIC_INLINE void P0_2_set_large_hysteresis(){
 136:../GPIO.h     ****     PORT0->PHCR0 |= 0x00000400UL;
 137:../GPIO.h     **** }
 138:../GPIO.h     **** 
 139:../GPIO.h     **** __STATIC_INLINE void P0_2_set(void){
 140:../GPIO.h     ****     PORT0->OMR = 0x00000004UL;
 141:../GPIO.h     **** }
 142:../GPIO.h     **** 
 143:../GPIO.h     **** __STATIC_INLINE void P0_2_reset(void){
 144:../GPIO.h     ****     PORT0->OMR = 0x00040000UL;
 145:../GPIO.h     **** }
 146:../GPIO.h     **** 
 147:../GPIO.h     **** __STATIC_INLINE void P0_2_toggle(void){
 148:../GPIO.h     ****     PORT0->OMR = 0x00040004UL;
 149:../GPIO.h     **** }
 150:../GPIO.h     **** 
 151:../GPIO.h     **** __STATIC_INLINE uint32_t P0_2_read(void){
 152:../GPIO.h     ****     return(PORT0->IN & 0x00000004UL);
 153:../GPIO.h     **** }
 154:../GPIO.h     **** 
 155:../GPIO.h     **** __STATIC_INLINE void P0_2_enable_pps(void){
 156:../GPIO.h     ****     PORT0->PPS |= 0x00000004UL;
 157:../GPIO.h     **** }
 158:../GPIO.h     **** 
 159:../GPIO.h     **** __STATIC_INLINE void P0_2_disable_pps(void){
 160:../GPIO.h     ****     PORT0->PPS &= ~0x00000004UL;
 161:../GPIO.h     **** }
 162:../GPIO.h     **** 
 163:../GPIO.h     **** __STATIC_INLINE void P0_3_set_mode(uint8_t mode){
 164:../GPIO.h     ****     PORT0->IOCR0 &= ~0xf8000000UL;
 165:../GPIO.h     ****     PORT0->IOCR0 |= mode << 24;
 166:../GPIO.h     **** }
 167:../GPIO.h     **** 
 168:../GPIO.h     **** __STATIC_INLINE void P0_3_set_hwsel(uint32_t config){
 169:../GPIO.h     ****     PORT0->HWSEL &= ~0x000000c0UL;
 170:../GPIO.h     ****     PORT0->HWSEL |= config << 6;
 171:../GPIO.h     **** }
 172:../GPIO.h     **** 
 173:../GPIO.h     **** __STATIC_INLINE void P0_3_set_standard_hysteresis(){
 174:../GPIO.h     ****     PORT0->PHCR0 &= ~0x00004000UL;
 175:../GPIO.h     **** }
 176:../GPIO.h     **** 
 177:../GPIO.h     **** __STATIC_INLINE void P0_3_set_large_hysteresis(){
 178:../GPIO.h     ****     PORT0->PHCR0 |= 0x00004000UL;
 179:../GPIO.h     **** }
 180:../GPIO.h     **** 
 181:../GPIO.h     **** __STATIC_INLINE void P0_3_set(void){
 182:../GPIO.h     ****     PORT0->OMR = 0x00000008UL;
 183:../GPIO.h     **** }
 184:../GPIO.h     **** 
 185:../GPIO.h     **** __STATIC_INLINE void P0_3_reset(void){
 186:../GPIO.h     ****     PORT0->OMR = 0x00080000UL;
 187:../GPIO.h     **** }
 188:../GPIO.h     **** 
 189:../GPIO.h     **** __STATIC_INLINE void P0_3_toggle(void){
 190:../GPIO.h     ****     PORT0->OMR = 0x00080008UL;
 191:../GPIO.h     **** }
 192:../GPIO.h     **** 
 193:../GPIO.h     **** __STATIC_INLINE uint32_t P0_3_read(void){
 194:../GPIO.h     ****     return(PORT0->IN & 0x00000008UL);
 195:../GPIO.h     **** }
 196:../GPIO.h     **** 
 197:../GPIO.h     **** __STATIC_INLINE void P0_3_enable_pps(void){
 198:../GPIO.h     ****     PORT0->PPS |= 0x00000008UL;
 199:../GPIO.h     **** }
 200:../GPIO.h     **** 
 201:../GPIO.h     **** __STATIC_INLINE void P0_3_disable_pps(void){
 202:../GPIO.h     ****     PORT0->PPS &= ~0x00000008UL;
 203:../GPIO.h     **** }
 204:../GPIO.h     **** 
 205:../GPIO.h     **** __STATIC_INLINE void P0_4_set_mode(uint8_t mode){
 206:../GPIO.h     ****     PORT0->IOCR4 &= ~0x000000f8UL;
 207:../GPIO.h     ****     PORT0->IOCR4 |= mode << 0;
 208:../GPIO.h     **** }
 209:../GPIO.h     **** 
 210:../GPIO.h     **** __STATIC_INLINE void P0_4_set_hwsel(uint32_t config){
 211:../GPIO.h     ****     PORT0->HWSEL &= ~0x00000300UL;
 212:../GPIO.h     ****     PORT0->HWSEL |= config << 8;
 213:../GPIO.h     **** }
 214:../GPIO.h     **** 
 215:../GPIO.h     **** __STATIC_INLINE void P0_4_set_standard_hysteresis(){
 216:../GPIO.h     ****     PORT0->PHCR0 &= ~0x00040000UL;
 217:../GPIO.h     **** }
 218:../GPIO.h     **** 
 219:../GPIO.h     **** __STATIC_INLINE void P0_4_set_large_hysteresis(){
 220:../GPIO.h     ****     PORT0->PHCR0 |= 0x00040000UL;
 221:../GPIO.h     **** }
 222:../GPIO.h     **** 
 223:../GPIO.h     **** __STATIC_INLINE void P0_4_set(void){
 224:../GPIO.h     ****     PORT0->OMR = 0x00000010UL;
 225:../GPIO.h     **** }
 226:../GPIO.h     **** 
 227:../GPIO.h     **** __STATIC_INLINE void P0_4_reset(void){
 228:../GPIO.h     ****     PORT0->OMR = 0x00100000UL;
 229:../GPIO.h     **** }
 230:../GPIO.h     **** 
 231:../GPIO.h     **** __STATIC_INLINE void P0_4_toggle(void){
 232:../GPIO.h     ****     PORT0->OMR = 0x00100010UL;
 233:../GPIO.h     **** }
 234:../GPIO.h     **** 
 235:../GPIO.h     **** __STATIC_INLINE uint32_t P0_4_read(void){
 236:../GPIO.h     ****     return(PORT0->IN & 0x00000010UL);
 237:../GPIO.h     **** }
 238:../GPIO.h     **** 
 239:../GPIO.h     **** __STATIC_INLINE void P0_4_enable_pps(void){
 240:../GPIO.h     ****     PORT0->PPS |= 0x00000010UL;
 241:../GPIO.h     **** }
 242:../GPIO.h     **** 
 243:../GPIO.h     **** __STATIC_INLINE void P0_4_disable_pps(void){
 244:../GPIO.h     ****     PORT0->PPS &= ~0x00000010UL;
 245:../GPIO.h     **** }
 246:../GPIO.h     **** 
 247:../GPIO.h     **** __STATIC_INLINE void P0_5_set_mode(uint8_t mode){
  25              		.loc 1 247 0
  26              		.cfi_startproc
  27 0000 80B5     		push	{r7, lr}
  28              	.LCFI0:
  29              		.cfi_def_cfa_offset 8
  30              		.cfi_offset 7, -8
  31              		.cfi_offset 14, -4
  32 0002 82B0     		sub	sp, sp, #8
  33              	.LCFI1:
  34              		.cfi_def_cfa_offset 16
  35 0004 00AF     		add	r7, sp, #0
  36              	.LCFI2:
  37              		.cfi_def_cfa_register 7
  38 0006 021C     		mov	r2, r0
  39 0008 FB1D     		add	r3, r7, #7
  40 000a 1A70     		strb	r2, [r3]
 248:../GPIO.h     ****     PORT0->IOCR4 &= ~0x0000f800UL;
  41              		.loc 1 248 0
  42 000c 084B     		ldr	r3, .L2
  43 000e 084A     		ldr	r2, .L2
  44 0010 5169     		ldr	r1, [r2, #20]
  45 0012 084A     		ldr	r2, .L2+4
  46 0014 0A40     		and	r2, r1
  47 0016 5A61     		str	r2, [r3, #20]
 249:../GPIO.h     ****     PORT0->IOCR4 |= mode << 8;
  48              		.loc 1 249 0
  49 0018 054B     		ldr	r3, .L2
  50 001a 054A     		ldr	r2, .L2
  51 001c 5169     		ldr	r1, [r2, #20]
  52 001e FA1D     		add	r2, r7, #7
  53 0020 1278     		ldrb	r2, [r2]
  54 0022 1202     		lsl	r2, r2, #8
  55 0024 0A43     		orr	r2, r1
  56 0026 5A61     		str	r2, [r3, #20]
 250:../GPIO.h     **** }
  57              		.loc 1 250 0
  58 0028 BD46     		mov	sp, r7
  59 002a 02B0     		add	sp, sp, #8
  60              		@ sp needed for prologue
  61 002c 80BD     		pop	{r7, pc}
  62              	.L3:
  63 002e C046     		.align	2
  64              	.L2:
  65 0030 00000440 		.word	1074003968
  66 0034 FF07FFFF 		.word	-63489
  67              		.cfi_endproc
  68              	.LFE83:
  70              		.section	.text.P0_6_set_mode,"ax",%progbits
  71              		.align	2
  72              		.code	16
  73              		.thumb_func
  75              	P0_6_set_mode:
  76              	.LFB93:
 251:../GPIO.h     **** 
 252:../GPIO.h     **** __STATIC_INLINE void P0_5_set_hwsel(uint32_t config){
 253:../GPIO.h     ****     PORT0->HWSEL &= ~0x00000c00UL;
 254:../GPIO.h     ****     PORT0->HWSEL |= config << 10;
 255:../GPIO.h     **** }
 256:../GPIO.h     **** 
 257:../GPIO.h     **** __STATIC_INLINE void P0_5_set_standard_hysteresis(){
 258:../GPIO.h     ****     PORT0->PHCR0 &= ~0x00400000UL;
 259:../GPIO.h     **** }
 260:../GPIO.h     **** 
 261:../GPIO.h     **** __STATIC_INLINE void P0_5_set_large_hysteresis(){
 262:../GPIO.h     ****     PORT0->PHCR0 |= 0x00400000UL;
 263:../GPIO.h     **** }
 264:../GPIO.h     **** 
 265:../GPIO.h     **** __STATIC_INLINE void P0_5_set(void){
 266:../GPIO.h     ****     PORT0->OMR = 0x00000020UL;
 267:../GPIO.h     **** }
 268:../GPIO.h     **** 
 269:../GPIO.h     **** __STATIC_INLINE void P0_5_reset(void){
 270:../GPIO.h     ****     PORT0->OMR = 0x00200000UL;
 271:../GPIO.h     **** }
 272:../GPIO.h     **** 
 273:../GPIO.h     **** __STATIC_INLINE void P0_5_toggle(void){
 274:../GPIO.h     ****     PORT0->OMR = 0x00200020UL;
 275:../GPIO.h     **** }
 276:../GPIO.h     **** 
 277:../GPIO.h     **** __STATIC_INLINE uint32_t P0_5_read(void){
 278:../GPIO.h     ****     return(PORT0->IN & 0x00000020UL);
 279:../GPIO.h     **** }
 280:../GPIO.h     **** 
 281:../GPIO.h     **** __STATIC_INLINE void P0_5_enable_pps(void){
 282:../GPIO.h     ****     PORT0->PPS |= 0x00000020UL;
 283:../GPIO.h     **** }
 284:../GPIO.h     **** 
 285:../GPIO.h     **** __STATIC_INLINE void P0_5_disable_pps(void){
 286:../GPIO.h     ****     PORT0->PPS &= ~0x00000020UL;
 287:../GPIO.h     **** }
 288:../GPIO.h     **** 
 289:../GPIO.h     **** __STATIC_INLINE void P0_6_set_mode(uint8_t mode){
  77              		.loc 1 289 0
  78              		.cfi_startproc
  79 0000 80B5     		push	{r7, lr}
  80              	.LCFI3:
  81              		.cfi_def_cfa_offset 8
  82              		.cfi_offset 7, -8
  83              		.cfi_offset 14, -4
  84 0002 82B0     		sub	sp, sp, #8
  85              	.LCFI4:
  86              		.cfi_def_cfa_offset 16
  87 0004 00AF     		add	r7, sp, #0
  88              	.LCFI5:
  89              		.cfi_def_cfa_register 7
  90 0006 021C     		mov	r2, r0
  91 0008 FB1D     		add	r3, r7, #7
  92 000a 1A70     		strb	r2, [r3]
 290:../GPIO.h     ****     PORT0->IOCR4 &= ~0x00f80000UL;
  93              		.loc 1 290 0
  94 000c 084B     		ldr	r3, .L5
  95 000e 084A     		ldr	r2, .L5
  96 0010 5169     		ldr	r1, [r2, #20]
  97 0012 084A     		ldr	r2, .L5+4
  98 0014 0A40     		and	r2, r1
  99 0016 5A61     		str	r2, [r3, #20]
 291:../GPIO.h     ****     PORT0->IOCR4 |= mode << 16;
 100              		.loc 1 291 0
 101 0018 054B     		ldr	r3, .L5
 102 001a 054A     		ldr	r2, .L5
 103 001c 5169     		ldr	r1, [r2, #20]
 104 001e FA1D     		add	r2, r7, #7
 105 0020 1278     		ldrb	r2, [r2]
 106 0022 1204     		lsl	r2, r2, #16
 107 0024 0A43     		orr	r2, r1
 108 0026 5A61     		str	r2, [r3, #20]
 292:../GPIO.h     **** }
 109              		.loc 1 292 0
 110 0028 BD46     		mov	sp, r7
 111 002a 02B0     		add	sp, sp, #8
 112              		@ sp needed for prologue
 113 002c 80BD     		pop	{r7, pc}
 114              	.L6:
 115 002e C046     		.align	2
 116              	.L5:
 117 0030 00000440 		.word	1074003968
 118 0034 FFFF07FF 		.word	-16252929
 119              		.cfi_endproc
 120              	.LFE93:
 122              		.section	.text.P0_6_read,"ax",%progbits
 123              		.align	2
 124              		.code	16
 125              		.thumb_func
 127              	P0_6_read:
 128              	.LFB100:
 293:../GPIO.h     **** 
 294:../GPIO.h     **** __STATIC_INLINE void P0_6_set_hwsel(uint32_t config){
 295:../GPIO.h     ****     PORT0->HWSEL &= ~0x00003000UL;
 296:../GPIO.h     ****     PORT0->HWSEL |= config << 12;
 297:../GPIO.h     **** }
 298:../GPIO.h     **** 
 299:../GPIO.h     **** __STATIC_INLINE void P0_6_set_standard_hysteresis(){
 300:../GPIO.h     ****     PORT0->PHCR0 &= ~0x04000000UL;
 301:../GPIO.h     **** }
 302:../GPIO.h     **** 
 303:../GPIO.h     **** __STATIC_INLINE void P0_6_set_large_hysteresis(){
 304:../GPIO.h     ****     PORT0->PHCR0 |= 0x04000000UL;
 305:../GPIO.h     **** }
 306:../GPIO.h     **** 
 307:../GPIO.h     **** __STATIC_INLINE void P0_6_set(void){
 308:../GPIO.h     ****     PORT0->OMR = 0x00000040UL;
 309:../GPIO.h     **** }
 310:../GPIO.h     **** 
 311:../GPIO.h     **** __STATIC_INLINE void P0_6_reset(void){
 312:../GPIO.h     ****     PORT0->OMR = 0x00400000UL;
 313:../GPIO.h     **** }
 314:../GPIO.h     **** 
 315:../GPIO.h     **** __STATIC_INLINE void P0_6_toggle(void){
 316:../GPIO.h     ****     PORT0->OMR = 0x00400040UL;
 317:../GPIO.h     **** }
 318:../GPIO.h     **** 
 319:../GPIO.h     **** __STATIC_INLINE uint32_t P0_6_read(void){
 129              		.loc 1 319 0
 130              		.cfi_startproc
 131 0000 80B5     		push	{r7, lr}
 132              	.LCFI6:
 133              		.cfi_def_cfa_offset 8
 134              		.cfi_offset 7, -8
 135              		.cfi_offset 14, -4
 136 0002 00AF     		add	r7, sp, #0
 137              	.LCFI7:
 138              		.cfi_def_cfa_register 7
 320:../GPIO.h     ****     return(PORT0->IN & 0x00000040UL);
 139              		.loc 1 320 0
 140 0004 034B     		ldr	r3, .L9
 141 0006 5A6A     		ldr	r2, [r3, #36]
 142 0008 4023     		mov	r3, #64
 143 000a 1340     		and	r3, r2
 321:../GPIO.h     **** }
 144              		.loc 1 321 0
 145 000c 181C     		mov	r0, r3
 146 000e BD46     		mov	sp, r7
 147              		@ sp needed for prologue
 148 0010 80BD     		pop	{r7, pc}
 149              	.L10:
 150 0012 C046     		.align	2
 151              	.L9:
 152 0014 00000440 		.word	1074003968
 153              		.cfi_endproc
 154              	.LFE100:
 156              		.comm	animationTimer,4,4
 157              		.section	.text.main,"ax",%progbits
 158              		.align	2
 159              		.global	main
 160              		.code	16
 161              		.thumb_func
 163              	main:
 164              	.LFB397:
 165              		.file 2 "../main.c"
   1:../main.c     **** /*
   2:../main.c     ****  * Main.c
   3:../main.c     ****  *
   4:../main.c     ****  *  Created on: 06.03.2015
   5:../main.c     ****  *      Author: blinch89
   6:../main.c     ****  */
   7:../main.c     **** 
   8:../main.c     **** #include <DAVE3.h>			//Declarations from DAVE3 Code Generation (includes SFR declaration)
   9:../main.c     **** #include "colorManagement.h"
  10:../main.c     **** #include "XMC1100.h"
  11:../main.c     **** #include "GPIO.h"
  12:../main.c     **** #include "light_ws2812_cortex.h"
  13:../main.c     **** #include "core_cmFunc.h"
  14:../main.c     **** 
  15:../main.c     **** void updateOnboardLEDs();
  16:../main.c     **** void buttonRead(void *ptr);
  17:../main.c     **** 
  18:../main.c     **** handle_t animationTimer;
  19:../main.c     **** 
  20:../main.c     **** int main(void)
  21:../main.c     **** {
 166              		.loc 2 21 0
 167              		.cfi_startproc
 168 0000 80B5     		push	{r7, lr}
 169              	.LCFI8:
 170              		.cfi_def_cfa_offset 8
 171              		.cfi_offset 7, -8
 172              		.cfi_offset 14, -4
 173 0002 94B0     		sub	sp, sp, #80
 174              	.LCFI9:
 175              		.cfi_def_cfa_offset 88
 176 0004 00AF     		add	r7, sp, #0
 177              	.LCFI10:
 178              		.cfi_def_cfa_register 7
  22:../main.c     **** 	uint8_t stripe[WS2812_QUANTITY*3];
  23:../main.c     **** 	enum colorState state = OFF;	//this should be volatile, I think
 179              		.loc 2 23 0
 180 0006 FB1D     		add	r3, r7, #7
 181 0008 0022     		mov	r2, #0
 182 000a 1A70     		strb	r2, [r3]
 183              	.LBB7:
  24:../main.c     **** //	status_t status;		// Declaration of return variable for DAVE3 APIs (toggle comment if required)
  25:../main.c     **** 
  26:../main.c     **** 	//init stripe array for an animation to blue color, all leds
  27:../main.c     **** 	for(uint8_t i=0 ; i<(sizeof(stripe)/3) ; i++)
 184              		.loc 2 27 0
 185 000c 3B1C     		mov	r3, r7
 186 000e 4F33     		add	r3, r3, #79
 187 0010 0022     		mov	r2, #0
 188 0012 1A70     		strb	r2, [r3]
 189 0014 26E0     		b	.L12
 190              	.L13:
  28:../main.c     **** 	{
  29:../main.c     **** 		stripe[3*i]   = 0x00;
 191              		.loc 2 29 0 discriminator 2
 192 0016 3B1C     		mov	r3, r7
 193 0018 4F33     		add	r3, r3, #79
 194 001a 1A78     		ldrb	r2, [r3]
 195 001c 131C     		mov	r3, r2
 196 001e 5B00     		lsl	r3, r3, #1
 197 0020 9B18     		add	r3, r3, r2
 198 0022 3A1C     		mov	r2, r7
 199 0024 0832     		add	r2, r2, #8
 200 0026 0021     		mov	r1, #0
 201 0028 D154     		strb	r1, [r2, r3]
  30:../main.c     **** 		stripe[3*i+1] = 0x00;
 202              		.loc 2 30 0 discriminator 2
 203 002a 3B1C     		mov	r3, r7
 204 002c 4F33     		add	r3, r3, #79
 205 002e 1A78     		ldrb	r2, [r3]
 206 0030 131C     		mov	r3, r2
 207 0032 5B00     		lsl	r3, r3, #1
 208 0034 9B18     		add	r3, r3, r2
 209 0036 0133     		add	r3, r3, #1
 210 0038 3A1C     		mov	r2, r7
 211 003a 0832     		add	r2, r2, #8
 212 003c 0021     		mov	r1, #0
 213 003e D154     		strb	r1, [r2, r3]
  31:../main.c     **** 		stripe[3*i+2] = BRIGHTNESS;
 214              		.loc 2 31 0 discriminator 2
 215 0040 3B1C     		mov	r3, r7
 216 0042 4F33     		add	r3, r3, #79
 217 0044 1A78     		ldrb	r2, [r3]
 218 0046 131C     		mov	r3, r2
 219 0048 5B00     		lsl	r3, r3, #1
 220 004a 9B18     		add	r3, r3, r2
 221 004c 0233     		add	r3, r3, #2
 222 004e 3A1C     		mov	r2, r7
 223 0050 0832     		add	r2, r2, #8
 224 0052 FF21     		mov	r1, #255
 225 0054 D154     		strb	r1, [r2, r3]
  27:../main.c     **** 	for(uint8_t i=0 ; i<(sizeof(stripe)/3) ; i++)
 226              		.loc 2 27 0 discriminator 2
 227 0056 3B1C     		mov	r3, r7
 228 0058 4F33     		add	r3, r3, #79
 229 005a 3A1C     		mov	r2, r7
 230 005c 4F32     		add	r2, r2, #79
 231 005e 1278     		ldrb	r2, [r2]
 232 0060 0132     		add	r2, r2, #1
 233 0062 1A70     		strb	r2, [r3]
 234              	.L12:
  27:../main.c     **** 	for(uint8_t i=0 ; i<(sizeof(stripe)/3) ; i++)
 235              		.loc 2 27 0 is_stmt 0 discriminator 1
 236 0064 3B1C     		mov	r3, r7
 237 0066 4F33     		add	r3, r3, #79
 238 0068 1B78     		ldrb	r3, [r3]
 239 006a 142B     		cmp	r3, #20
 240 006c D3D9     		bls	.L13
 241              	.LBE7:
  32:../main.c     **** 	}
  33:../main.c     **** 
  34:../main.c     **** 	DAVE_Init();			// Initialization of DAVE Apps
 242              		.loc 2 34 0 is_stmt 1
 243 006e FFF7FEFF 		bl	DAVE_Init
  35:../main.c     **** 	handle_t timer;
  36:../main.c     **** 	P0_5_set_mode(OUTPUT_PP_GP); 	//WS2812 data pin
 244              		.loc 2 36 0
 245 0072 8020     		mov	r0, #128
 246 0074 FFF7FEFF 		bl	P0_5_set_mode
  37:../main.c     **** 	P0_6_set_mode(INPUT_PU);     	//button;
 247              		.loc 2 37 0
 248 0078 1020     		mov	r0, #16
 249 007a FFF7FEFF 		bl	P0_6_set_mode
  38:../main.c     **** 	timer=SYSTM001_CreateTimer(400,SYSTM001_PERIODIC,buttonRead,&state);
 250              		.loc 2 38 0
 251 007e C823     		mov	r3, #200
 252 0080 5900     		lsl	r1, r3, #1
 253 0082 0B4A     		ldr	r2, .L15
 254 0084 FB1D     		add	r3, r7, #7
 255 0086 081C     		mov	r0, r1
 256 0088 0121     		mov	r1, #1
 257 008a FFF7FEFF 		bl	SYSTM001_CreateTimer
 258 008e 031C     		mov	r3, r0
 259 0090 BB64     		str	r3, [r7, #72]
  39:../main.c     **** 	SYSTM001_StartTimer(timer);
 260              		.loc 2 39 0
 261 0092 BB6C     		ldr	r3, [r7, #72]
 262 0094 181C     		mov	r0, r3
 263 0096 FFF7FEFF 		bl	SYSTM001_StartTimer
  40:../main.c     **** 	animationTimer=SYSTM001_CreateTimer(10,SYSTM001_PERIODIC,redDotOnBlueLine,stripe);
 264              		.loc 2 40 0
 265 009a 064A     		ldr	r2, .L15+4
 266 009c 3B1C     		mov	r3, r7
 267 009e 0833     		add	r3, r3, #8
 268 00a0 0A20     		mov	r0, #10
 269 00a2 0121     		mov	r1, #1
 270 00a4 FFF7FEFF 		bl	SYSTM001_CreateTimer
 271 00a8 021C     		mov	r2, r0
 272 00aa 034B     		ldr	r3, .L15+8
 273 00ac 1A60     		str	r2, [r3]
 274              	.L14:
  41:../main.c     **** 	while(1){}
 275              		.loc 2 41 0 discriminator 1
 276 00ae FEE7     		b	.L14
 277              	.L16:
 278              		.align	2
 279              	.L15:
 280 00b0 00000000 		.word	buttonRead
 281 00b4 00000000 		.word	redDotOnBlueLine
 282 00b8 00000000 		.word	animationTimer
 283              		.cfi_endproc
 284              	.LFE397:
 286              		.section	.text.buttonRead,"ax",%progbits
 287              		.align	2
 288              		.global	buttonRead
 289              		.code	16
 290              		.thumb_func
 292              	buttonRead:
 293              	.LFB398:
  42:../main.c     **** 	return 0;
  43:../main.c     **** }
  44:../main.c     **** 
  45:../main.c     **** void buttonRead(void *ptr)
  46:../main.c     **** {
 294              		.loc 2 46 0
 295              		.cfi_startproc
 296 0000 80B5     		push	{r7, lr}
 297              	.LCFI11:
 298              		.cfi_def_cfa_offset 8
 299              		.cfi_offset 7, -8
 300              		.cfi_offset 14, -4
 301 0002 84B0     		sub	sp, sp, #16
 302              	.LCFI12:
 303              		.cfi_def_cfa_offset 24
 304 0004 00AF     		add	r7, sp, #0
 305              	.LCFI13:
 306              		.cfi_def_cfa_register 7
 307 0006 7860     		str	r0, [r7, #4]
  47:../main.c     **** 	if(!P0_6_read()) //button pressed?
 308              		.loc 2 47 0
 309 0008 FFF7FEFF 		bl	P0_6_read
 310 000c 031C     		mov	r3, r0
 311 000e 002B     		cmp	r3, #0
 312 0010 25D1     		bne	.L17
 313              	.LBB8:
  48:../main.c     **** 	{
  49:../main.c     **** 		enum colorState *lightState = ptr;
 314              		.loc 2 49 0
 315 0012 7B68     		ldr	r3, [r7, #4]
 316 0014 FB60     		str	r3, [r7, #12]
  50:../main.c     **** 
  51:../main.c     **** 		if(*lightState == REDDOT)
 317              		.loc 2 51 0
 318 0016 FB68     		ldr	r3, [r7, #12]
 319 0018 1B78     		ldrb	r3, [r3]
 320 001a 092B     		cmp	r3, #9
 321 001c 08D1     		bne	.L19
  52:../main.c     **** 		{
  53:../main.c     **** 			SYSTM001_StopTimer(animationTimer);
 322              		.loc 2 53 0
 323 001e 114B     		ldr	r3, .L22
 324 0020 1B68     		ldr	r3, [r3]
 325 0022 181C     		mov	r0, r3
 326 0024 FFF7FEFF 		bl	SYSTM001_StopTimer
  54:../main.c     **** 			*lightState = OFF; //REDDOT is last Value of enum
 327              		.loc 2 54 0
 328 0028 FB68     		ldr	r3, [r7, #12]
 329 002a 0022     		mov	r2, #0
 330 002c 1A70     		strb	r2, [r3]
 331 002e 05E0     		b	.L20
 332              	.L19:
  55:../main.c     **** 		}
  56:../main.c     **** 		else (*lightState)++;
 333              		.loc 2 56 0
 334 0030 FB68     		ldr	r3, [r7, #12]
 335 0032 1B78     		ldrb	r3, [r3]
 336 0034 0133     		add	r3, r3, #1
 337 0036 DAB2     		uxtb	r2, r3
 338 0038 FB68     		ldr	r3, [r7, #12]
 339 003a 1A70     		strb	r2, [r3]
 340              	.L20:
  57:../main.c     **** 
  58:../main.c     **** 		if(*lightState == REDDOT)
 341              		.loc 2 58 0
 342 003c FB68     		ldr	r3, [r7, #12]
 343 003e 1B78     		ldrb	r3, [r3]
 344 0040 092B     		cmp	r3, #9
 345 0042 05D1     		bne	.L21
  59:../main.c     **** 			SYSTM001_StartTimer(animationTimer);
 346              		.loc 2 59 0
 347 0044 074B     		ldr	r3, .L22
 348 0046 1B68     		ldr	r3, [r3]
 349 0048 181C     		mov	r0, r3
 350 004a FFF7FEFF 		bl	SYSTM001_StartTimer
 351 004e 06E0     		b	.L17
 352              	.L21:
 353              	.LBB9:
 354              	.LBB10:
 355              		.file 3 "C:\\DAVE-3.1.10\\eclipse\\/../CMSIS/Include/core_cmFunc.h"
   1:C:\DAVE-3.1.10\eclipse\/../CMSIS/Include\core_cmFunc.h **** /**************************************************************************//**
   2:C:\DAVE-3.1.10\eclipse\/../CMSIS/Include\core_cmFunc.h ****  * @file     core_cmFunc.h
   3:C:\DAVE-3.1.10\eclipse\/../CMSIS/Include\core_cmFunc.h ****  * @brief    CMSIS Cortex-M Core Function Access Header File
   4:C:\DAVE-3.1.10\eclipse\/../CMSIS/Include\core_cmFunc.h ****  * @version  V3.20
   5:C:\DAVE-3.1.10\eclipse\/../CMSIS/Include\core_cmFunc.h ****  * @date     25. February 2013
   6:C:\DAVE-3.1.10\eclipse\/../CMSIS/Include\core_cmFunc.h ****  *
   7:C:\DAVE-3.1.10\eclipse\/../CMSIS/Include\core_cmFunc.h ****  * @note
   8:C:\DAVE-3.1.10\eclipse\/../CMSIS/Include\core_cmFunc.h ****  *
   9:C:\DAVE-3.1.10\eclipse\/../CMSIS/Include\core_cmFunc.h ****  ******************************************************************************/
  10:C:\DAVE-3.1.10\eclipse\/../CMSIS/Include\core_cmFunc.h **** /* Copyright (c) 2009 - 2013 ARM LIMITED
  11:C:\DAVE-3.1.10\eclipse\/../CMSIS/Include\core_cmFunc.h **** 
  12:C:\DAVE-3.1.10\eclipse\/../CMSIS/Include\core_cmFunc.h ****    All rights reserved.
  13:C:\DAVE-3.1.10\eclipse\/../CMSIS/Include\core_cmFunc.h ****    Redistribution and use in source and binary forms, with or without
  14:C:\DAVE-3.1.10\eclipse\/../CMSIS/Include\core_cmFunc.h ****    modification, are permitted provided that the following conditions are met:
  15:C:\DAVE-3.1.10\eclipse\/../CMSIS/Include\core_cmFunc.h ****    - Redistributions of source code must retain the above copyright
  16:C:\DAVE-3.1.10\eclipse\/../CMSIS/Include\core_cmFunc.h ****      notice, this list of conditions and the following disclaimer.
  17:C:\DAVE-3.1.10\eclipse\/../CMSIS/Include\core_cmFunc.h ****    - Redistributions in binary form must reproduce the above copyright
  18:C:\DAVE-3.1.10\eclipse\/../CMSIS/Include\core_cmFunc.h ****      notice, this list of conditions and the following disclaimer in the
  19:C:\DAVE-3.1.10\eclipse\/../CMSIS/Include\core_cmFunc.h ****      documentation and/or other materials provided with the distribution.
  20:C:\DAVE-3.1.10\eclipse\/../CMSIS/Include\core_cmFunc.h ****    - Neither the name of ARM nor the names of its contributors may be used
  21:C:\DAVE-3.1.10\eclipse\/../CMSIS/Include\core_cmFunc.h ****      to endorse or promote products derived from this software without
  22:C:\DAVE-3.1.10\eclipse\/../CMSIS/Include\core_cmFunc.h ****      specific prior written permission.
  23:C:\DAVE-3.1.10\eclipse\/../CMSIS/Include\core_cmFunc.h ****    *
  24:C:\DAVE-3.1.10\eclipse\/../CMSIS/Include\core_cmFunc.h ****    THIS SOFTWARE IS PROVIDED BY THE COPYRIGHT HOLDERS AND CONTRIBUTORS "AS IS"
  25:C:\DAVE-3.1.10\eclipse\/../CMSIS/Include\core_cmFunc.h ****    AND ANY EXPRESS OR IMPLIED WARRANTIES, INCLUDING, BUT NOT LIMITED TO, THE
  26:C:\DAVE-3.1.10\eclipse\/../CMSIS/Include\core_cmFunc.h ****    IMPLIED WARRANTIES OF MERCHANTABILITY AND FITNESS FOR A PARTICULAR PURPOSE
  27:C:\DAVE-3.1.10\eclipse\/../CMSIS/Include\core_cmFunc.h ****    ARE DISCLAIMED. IN NO EVENT SHALL COPYRIGHT HOLDERS AND CONTRIBUTORS BE
  28:C:\DAVE-3.1.10\eclipse\/../CMSIS/Include\core_cmFunc.h ****    LIABLE FOR ANY DIRECT, INDIRECT, INCIDENTAL, SPECIAL, EXEMPLARY, OR
  29:C:\DAVE-3.1.10\eclipse\/../CMSIS/Include\core_cmFunc.h ****    CONSEQUENTIAL DAMAGES (INCLUDING, BUT NOT LIMITED TO, PROCUREMENT OF
  30:C:\DAVE-3.1.10\eclipse\/../CMSIS/Include\core_cmFunc.h ****    SUBSTITUTE GOODS OR SERVICES; LOSS OF USE, DATA, OR PROFITS; OR BUSINESS
  31:C:\DAVE-3.1.10\eclipse\/../CMSIS/Include\core_cmFunc.h ****    INTERRUPTION) HOWEVER CAUSED AND ON ANY THEORY OF LIABILITY, WHETHER IN
  32:C:\DAVE-3.1.10\eclipse\/../CMSIS/Include\core_cmFunc.h ****    CONTRACT, STRICT LIABILITY, OR TORT (INCLUDING NEGLIGENCE OR OTHERWISE)
  33:C:\DAVE-3.1.10\eclipse\/../CMSIS/Include\core_cmFunc.h ****    ARISING IN ANY WAY OUT OF THE USE OF THIS SOFTWARE, EVEN IF ADVISED OF THE
  34:C:\DAVE-3.1.10\eclipse\/../CMSIS/Include\core_cmFunc.h ****    POSSIBILITY OF SUCH DAMAGE.
  35:C:\DAVE-3.1.10\eclipse\/../CMSIS/Include\core_cmFunc.h ****    ---------------------------------------------------------------------------*/
  36:C:\DAVE-3.1.10\eclipse\/../CMSIS/Include\core_cmFunc.h **** 
  37:C:\DAVE-3.1.10\eclipse\/../CMSIS/Include\core_cmFunc.h **** 
  38:C:\DAVE-3.1.10\eclipse\/../CMSIS/Include\core_cmFunc.h **** #ifndef __CORE_CMFUNC_H
  39:C:\DAVE-3.1.10\eclipse\/../CMSIS/Include\core_cmFunc.h **** #define __CORE_CMFUNC_H
  40:C:\DAVE-3.1.10\eclipse\/../CMSIS/Include\core_cmFunc.h **** 
  41:C:\DAVE-3.1.10\eclipse\/../CMSIS/Include\core_cmFunc.h **** 
  42:C:\DAVE-3.1.10\eclipse\/../CMSIS/Include\core_cmFunc.h **** /* ###########################  Core Function Access  ########################### */
  43:C:\DAVE-3.1.10\eclipse\/../CMSIS/Include\core_cmFunc.h **** /** \ingroup  CMSIS_Core_FunctionInterface
  44:C:\DAVE-3.1.10\eclipse\/../CMSIS/Include\core_cmFunc.h ****     \defgroup CMSIS_Core_RegAccFunctions CMSIS Core Register Access Functions
  45:C:\DAVE-3.1.10\eclipse\/../CMSIS/Include\core_cmFunc.h ****   @{
  46:C:\DAVE-3.1.10\eclipse\/../CMSIS/Include\core_cmFunc.h ****  */
  47:C:\DAVE-3.1.10\eclipse\/../CMSIS/Include\core_cmFunc.h **** 
  48:C:\DAVE-3.1.10\eclipse\/../CMSIS/Include\core_cmFunc.h **** #if   defined ( __CC_ARM ) /*------------------RealView Compiler -----------------*/
  49:C:\DAVE-3.1.10\eclipse\/../CMSIS/Include\core_cmFunc.h **** /* ARM armcc specific functions */
  50:C:\DAVE-3.1.10\eclipse\/../CMSIS/Include\core_cmFunc.h **** 
  51:C:\DAVE-3.1.10\eclipse\/../CMSIS/Include\core_cmFunc.h **** #if (__ARMCC_VERSION < 400677)
  52:C:\DAVE-3.1.10\eclipse\/../CMSIS/Include\core_cmFunc.h ****   #error "Please use ARM Compiler Toolchain V4.0.677 or later!"
  53:C:\DAVE-3.1.10\eclipse\/../CMSIS/Include\core_cmFunc.h **** #endif
  54:C:\DAVE-3.1.10\eclipse\/../CMSIS/Include\core_cmFunc.h **** 
  55:C:\DAVE-3.1.10\eclipse\/../CMSIS/Include\core_cmFunc.h **** /* intrinsic void __enable_irq();     */
  56:C:\DAVE-3.1.10\eclipse\/../CMSIS/Include\core_cmFunc.h **** /* intrinsic void __disable_irq();    */
  57:C:\DAVE-3.1.10\eclipse\/../CMSIS/Include\core_cmFunc.h **** 
  58:C:\DAVE-3.1.10\eclipse\/../CMSIS/Include\core_cmFunc.h **** /** \brief  Get Control Register
  59:C:\DAVE-3.1.10\eclipse\/../CMSIS/Include\core_cmFunc.h **** 
  60:C:\DAVE-3.1.10\eclipse\/../CMSIS/Include\core_cmFunc.h ****     This function returns the content of the Control Register.
  61:C:\DAVE-3.1.10\eclipse\/../CMSIS/Include\core_cmFunc.h **** 
  62:C:\DAVE-3.1.10\eclipse\/../CMSIS/Include\core_cmFunc.h ****     \return               Control Register value
  63:C:\DAVE-3.1.10\eclipse\/../CMSIS/Include\core_cmFunc.h ****  */
  64:C:\DAVE-3.1.10\eclipse\/../CMSIS/Include\core_cmFunc.h **** __STATIC_INLINE uint32_t __get_CONTROL(void)
  65:C:\DAVE-3.1.10\eclipse\/../CMSIS/Include\core_cmFunc.h **** {
  66:C:\DAVE-3.1.10\eclipse\/../CMSIS/Include\core_cmFunc.h ****   register uint32_t __regControl         __ASM("control");
  67:C:\DAVE-3.1.10\eclipse\/../CMSIS/Include\core_cmFunc.h ****   return(__regControl);
  68:C:\DAVE-3.1.10\eclipse\/../CMSIS/Include\core_cmFunc.h **** }
  69:C:\DAVE-3.1.10\eclipse\/../CMSIS/Include\core_cmFunc.h **** 
  70:C:\DAVE-3.1.10\eclipse\/../CMSIS/Include\core_cmFunc.h **** 
  71:C:\DAVE-3.1.10\eclipse\/../CMSIS/Include\core_cmFunc.h **** /** \brief  Set Control Register
  72:C:\DAVE-3.1.10\eclipse\/../CMSIS/Include\core_cmFunc.h **** 
  73:C:\DAVE-3.1.10\eclipse\/../CMSIS/Include\core_cmFunc.h ****     This function writes the given value to the Control Register.
  74:C:\DAVE-3.1.10\eclipse\/../CMSIS/Include\core_cmFunc.h **** 
  75:C:\DAVE-3.1.10\eclipse\/../CMSIS/Include\core_cmFunc.h ****     \param [in]    control  Control Register value to set
  76:C:\DAVE-3.1.10\eclipse\/../CMSIS/Include\core_cmFunc.h ****  */
  77:C:\DAVE-3.1.10\eclipse\/../CMSIS/Include\core_cmFunc.h **** __STATIC_INLINE void __set_CONTROL(uint32_t control)
  78:C:\DAVE-3.1.10\eclipse\/../CMSIS/Include\core_cmFunc.h **** {
  79:C:\DAVE-3.1.10\eclipse\/../CMSIS/Include\core_cmFunc.h ****   register uint32_t __regControl         __ASM("control");
  80:C:\DAVE-3.1.10\eclipse\/../CMSIS/Include\core_cmFunc.h ****   __regControl = control;
  81:C:\DAVE-3.1.10\eclipse\/../CMSIS/Include\core_cmFunc.h **** }
  82:C:\DAVE-3.1.10\eclipse\/../CMSIS/Include\core_cmFunc.h **** 
  83:C:\DAVE-3.1.10\eclipse\/../CMSIS/Include\core_cmFunc.h **** 
  84:C:\DAVE-3.1.10\eclipse\/../CMSIS/Include\core_cmFunc.h **** /** \brief  Get IPSR Register
  85:C:\DAVE-3.1.10\eclipse\/../CMSIS/Include\core_cmFunc.h **** 
  86:C:\DAVE-3.1.10\eclipse\/../CMSIS/Include\core_cmFunc.h ****     This function returns the content of the IPSR Register.
  87:C:\DAVE-3.1.10\eclipse\/../CMSIS/Include\core_cmFunc.h **** 
  88:C:\DAVE-3.1.10\eclipse\/../CMSIS/Include\core_cmFunc.h ****     \return               IPSR Register value
  89:C:\DAVE-3.1.10\eclipse\/../CMSIS/Include\core_cmFunc.h ****  */
  90:C:\DAVE-3.1.10\eclipse\/../CMSIS/Include\core_cmFunc.h **** __STATIC_INLINE uint32_t __get_IPSR(void)
  91:C:\DAVE-3.1.10\eclipse\/../CMSIS/Include\core_cmFunc.h **** {
  92:C:\DAVE-3.1.10\eclipse\/../CMSIS/Include\core_cmFunc.h ****   register uint32_t __regIPSR          __ASM("ipsr");
  93:C:\DAVE-3.1.10\eclipse\/../CMSIS/Include\core_cmFunc.h ****   return(__regIPSR);
  94:C:\DAVE-3.1.10\eclipse\/../CMSIS/Include\core_cmFunc.h **** }
  95:C:\DAVE-3.1.10\eclipse\/../CMSIS/Include\core_cmFunc.h **** 
  96:C:\DAVE-3.1.10\eclipse\/../CMSIS/Include\core_cmFunc.h **** 
  97:C:\DAVE-3.1.10\eclipse\/../CMSIS/Include\core_cmFunc.h **** /** \brief  Get APSR Register
  98:C:\DAVE-3.1.10\eclipse\/../CMSIS/Include\core_cmFunc.h **** 
  99:C:\DAVE-3.1.10\eclipse\/../CMSIS/Include\core_cmFunc.h ****     This function returns the content of the APSR Register.
 100:C:\DAVE-3.1.10\eclipse\/../CMSIS/Include\core_cmFunc.h **** 
 101:C:\DAVE-3.1.10\eclipse\/../CMSIS/Include\core_cmFunc.h ****     \return               APSR Register value
 102:C:\DAVE-3.1.10\eclipse\/../CMSIS/Include\core_cmFunc.h ****  */
 103:C:\DAVE-3.1.10\eclipse\/../CMSIS/Include\core_cmFunc.h **** __STATIC_INLINE uint32_t __get_APSR(void)
 104:C:\DAVE-3.1.10\eclipse\/../CMSIS/Include\core_cmFunc.h **** {
 105:C:\DAVE-3.1.10\eclipse\/../CMSIS/Include\core_cmFunc.h ****   register uint32_t __regAPSR          __ASM("apsr");
 106:C:\DAVE-3.1.10\eclipse\/../CMSIS/Include\core_cmFunc.h ****   return(__regAPSR);
 107:C:\DAVE-3.1.10\eclipse\/../CMSIS/Include\core_cmFunc.h **** }
 108:C:\DAVE-3.1.10\eclipse\/../CMSIS/Include\core_cmFunc.h **** 
 109:C:\DAVE-3.1.10\eclipse\/../CMSIS/Include\core_cmFunc.h **** 
 110:C:\DAVE-3.1.10\eclipse\/../CMSIS/Include\core_cmFunc.h **** /** \brief  Get xPSR Register
 111:C:\DAVE-3.1.10\eclipse\/../CMSIS/Include\core_cmFunc.h **** 
 112:C:\DAVE-3.1.10\eclipse\/../CMSIS/Include\core_cmFunc.h ****     This function returns the content of the xPSR Register.
 113:C:\DAVE-3.1.10\eclipse\/../CMSIS/Include\core_cmFunc.h **** 
 114:C:\DAVE-3.1.10\eclipse\/../CMSIS/Include\core_cmFunc.h ****     \return               xPSR Register value
 115:C:\DAVE-3.1.10\eclipse\/../CMSIS/Include\core_cmFunc.h ****  */
 116:C:\DAVE-3.1.10\eclipse\/../CMSIS/Include\core_cmFunc.h **** __STATIC_INLINE uint32_t __get_xPSR(void)
 117:C:\DAVE-3.1.10\eclipse\/../CMSIS/Include\core_cmFunc.h **** {
 118:C:\DAVE-3.1.10\eclipse\/../CMSIS/Include\core_cmFunc.h ****   register uint32_t __regXPSR          __ASM("xpsr");
 119:C:\DAVE-3.1.10\eclipse\/../CMSIS/Include\core_cmFunc.h ****   return(__regXPSR);
 120:C:\DAVE-3.1.10\eclipse\/../CMSIS/Include\core_cmFunc.h **** }
 121:C:\DAVE-3.1.10\eclipse\/../CMSIS/Include\core_cmFunc.h **** 
 122:C:\DAVE-3.1.10\eclipse\/../CMSIS/Include\core_cmFunc.h **** 
 123:C:\DAVE-3.1.10\eclipse\/../CMSIS/Include\core_cmFunc.h **** /** \brief  Get Process Stack Pointer
 124:C:\DAVE-3.1.10\eclipse\/../CMSIS/Include\core_cmFunc.h **** 
 125:C:\DAVE-3.1.10\eclipse\/../CMSIS/Include\core_cmFunc.h ****     This function returns the current value of the Process Stack Pointer (PSP).
 126:C:\DAVE-3.1.10\eclipse\/../CMSIS/Include\core_cmFunc.h **** 
 127:C:\DAVE-3.1.10\eclipse\/../CMSIS/Include\core_cmFunc.h ****     \return               PSP Register value
 128:C:\DAVE-3.1.10\eclipse\/../CMSIS/Include\core_cmFunc.h ****  */
 129:C:\DAVE-3.1.10\eclipse\/../CMSIS/Include\core_cmFunc.h **** __STATIC_INLINE uint32_t __get_PSP(void)
 130:C:\DAVE-3.1.10\eclipse\/../CMSIS/Include\core_cmFunc.h **** {
 131:C:\DAVE-3.1.10\eclipse\/../CMSIS/Include\core_cmFunc.h ****   register uint32_t __regProcessStackPointer  __ASM("psp");
 132:C:\DAVE-3.1.10\eclipse\/../CMSIS/Include\core_cmFunc.h ****   return(__regProcessStackPointer);
 133:C:\DAVE-3.1.10\eclipse\/../CMSIS/Include\core_cmFunc.h **** }
 134:C:\DAVE-3.1.10\eclipse\/../CMSIS/Include\core_cmFunc.h **** 
 135:C:\DAVE-3.1.10\eclipse\/../CMSIS/Include\core_cmFunc.h **** 
 136:C:\DAVE-3.1.10\eclipse\/../CMSIS/Include\core_cmFunc.h **** /** \brief  Set Process Stack Pointer
 137:C:\DAVE-3.1.10\eclipse\/../CMSIS/Include\core_cmFunc.h **** 
 138:C:\DAVE-3.1.10\eclipse\/../CMSIS/Include\core_cmFunc.h ****     This function assigns the given value to the Process Stack Pointer (PSP).
 139:C:\DAVE-3.1.10\eclipse\/../CMSIS/Include\core_cmFunc.h **** 
 140:C:\DAVE-3.1.10\eclipse\/../CMSIS/Include\core_cmFunc.h ****     \param [in]    topOfProcStack  Process Stack Pointer value to set
 141:C:\DAVE-3.1.10\eclipse\/../CMSIS/Include\core_cmFunc.h ****  */
 142:C:\DAVE-3.1.10\eclipse\/../CMSIS/Include\core_cmFunc.h **** __STATIC_INLINE void __set_PSP(uint32_t topOfProcStack)
 143:C:\DAVE-3.1.10\eclipse\/../CMSIS/Include\core_cmFunc.h **** {
 144:C:\DAVE-3.1.10\eclipse\/../CMSIS/Include\core_cmFunc.h ****   register uint32_t __regProcessStackPointer  __ASM("psp");
 145:C:\DAVE-3.1.10\eclipse\/../CMSIS/Include\core_cmFunc.h ****   __regProcessStackPointer = topOfProcStack;
 146:C:\DAVE-3.1.10\eclipse\/../CMSIS/Include\core_cmFunc.h **** }
 147:C:\DAVE-3.1.10\eclipse\/../CMSIS/Include\core_cmFunc.h **** 
 148:C:\DAVE-3.1.10\eclipse\/../CMSIS/Include\core_cmFunc.h **** 
 149:C:\DAVE-3.1.10\eclipse\/../CMSIS/Include\core_cmFunc.h **** /** \brief  Get Main Stack Pointer
 150:C:\DAVE-3.1.10\eclipse\/../CMSIS/Include\core_cmFunc.h **** 
 151:C:\DAVE-3.1.10\eclipse\/../CMSIS/Include\core_cmFunc.h ****     This function returns the current value of the Main Stack Pointer (MSP).
 152:C:\DAVE-3.1.10\eclipse\/../CMSIS/Include\core_cmFunc.h **** 
 153:C:\DAVE-3.1.10\eclipse\/../CMSIS/Include\core_cmFunc.h ****     \return               MSP Register value
 154:C:\DAVE-3.1.10\eclipse\/../CMSIS/Include\core_cmFunc.h ****  */
 155:C:\DAVE-3.1.10\eclipse\/../CMSIS/Include\core_cmFunc.h **** __STATIC_INLINE uint32_t __get_MSP(void)
 156:C:\DAVE-3.1.10\eclipse\/../CMSIS/Include\core_cmFunc.h **** {
 157:C:\DAVE-3.1.10\eclipse\/../CMSIS/Include\core_cmFunc.h ****   register uint32_t __regMainStackPointer     __ASM("msp");
 158:C:\DAVE-3.1.10\eclipse\/../CMSIS/Include\core_cmFunc.h ****   return(__regMainStackPointer);
 159:C:\DAVE-3.1.10\eclipse\/../CMSIS/Include\core_cmFunc.h **** }
 160:C:\DAVE-3.1.10\eclipse\/../CMSIS/Include\core_cmFunc.h **** 
 161:C:\DAVE-3.1.10\eclipse\/../CMSIS/Include\core_cmFunc.h **** 
 162:C:\DAVE-3.1.10\eclipse\/../CMSIS/Include\core_cmFunc.h **** /** \brief  Set Main Stack Pointer
 163:C:\DAVE-3.1.10\eclipse\/../CMSIS/Include\core_cmFunc.h **** 
 164:C:\DAVE-3.1.10\eclipse\/../CMSIS/Include\core_cmFunc.h ****     This function assigns the given value to the Main Stack Pointer (MSP).
 165:C:\DAVE-3.1.10\eclipse\/../CMSIS/Include\core_cmFunc.h **** 
 166:C:\DAVE-3.1.10\eclipse\/../CMSIS/Include\core_cmFunc.h ****     \param [in]    topOfMainStack  Main Stack Pointer value to set
 167:C:\DAVE-3.1.10\eclipse\/../CMSIS/Include\core_cmFunc.h ****  */
 168:C:\DAVE-3.1.10\eclipse\/../CMSIS/Include\core_cmFunc.h **** __STATIC_INLINE void __set_MSP(uint32_t topOfMainStack)
 169:C:\DAVE-3.1.10\eclipse\/../CMSIS/Include\core_cmFunc.h **** {
 170:C:\DAVE-3.1.10\eclipse\/../CMSIS/Include\core_cmFunc.h ****   register uint32_t __regMainStackPointer     __ASM("msp");
 171:C:\DAVE-3.1.10\eclipse\/../CMSIS/Include\core_cmFunc.h ****   __regMainStackPointer = topOfMainStack;
 172:C:\DAVE-3.1.10\eclipse\/../CMSIS/Include\core_cmFunc.h **** }
 173:C:\DAVE-3.1.10\eclipse\/../CMSIS/Include\core_cmFunc.h **** 
 174:C:\DAVE-3.1.10\eclipse\/../CMSIS/Include\core_cmFunc.h **** 
 175:C:\DAVE-3.1.10\eclipse\/../CMSIS/Include\core_cmFunc.h **** /** \brief  Get Priority Mask
 176:C:\DAVE-3.1.10\eclipse\/../CMSIS/Include\core_cmFunc.h **** 
 177:C:\DAVE-3.1.10\eclipse\/../CMSIS/Include\core_cmFunc.h ****     This function returns the current state of the priority mask bit from the Priority Mask Registe
 178:C:\DAVE-3.1.10\eclipse\/../CMSIS/Include\core_cmFunc.h **** 
 179:C:\DAVE-3.1.10\eclipse\/../CMSIS/Include\core_cmFunc.h ****     \return               Priority Mask value
 180:C:\DAVE-3.1.10\eclipse\/../CMSIS/Include\core_cmFunc.h ****  */
 181:C:\DAVE-3.1.10\eclipse\/../CMSIS/Include\core_cmFunc.h **** __STATIC_INLINE uint32_t __get_PRIMASK(void)
 182:C:\DAVE-3.1.10\eclipse\/../CMSIS/Include\core_cmFunc.h **** {
 183:C:\DAVE-3.1.10\eclipse\/../CMSIS/Include\core_cmFunc.h ****   register uint32_t __regPriMask         __ASM("primask");
 184:C:\DAVE-3.1.10\eclipse\/../CMSIS/Include\core_cmFunc.h ****   return(__regPriMask);
 185:C:\DAVE-3.1.10\eclipse\/../CMSIS/Include\core_cmFunc.h **** }
 186:C:\DAVE-3.1.10\eclipse\/../CMSIS/Include\core_cmFunc.h **** 
 187:C:\DAVE-3.1.10\eclipse\/../CMSIS/Include\core_cmFunc.h **** 
 188:C:\DAVE-3.1.10\eclipse\/../CMSIS/Include\core_cmFunc.h **** /** \brief  Set Priority Mask
 189:C:\DAVE-3.1.10\eclipse\/../CMSIS/Include\core_cmFunc.h **** 
 190:C:\DAVE-3.1.10\eclipse\/../CMSIS/Include\core_cmFunc.h ****     This function assigns the given value to the Priority Mask Register.
 191:C:\DAVE-3.1.10\eclipse\/../CMSIS/Include\core_cmFunc.h **** 
 192:C:\DAVE-3.1.10\eclipse\/../CMSIS/Include\core_cmFunc.h ****     \param [in]    priMask  Priority Mask
 193:C:\DAVE-3.1.10\eclipse\/../CMSIS/Include\core_cmFunc.h ****  */
 194:C:\DAVE-3.1.10\eclipse\/../CMSIS/Include\core_cmFunc.h **** __STATIC_INLINE void __set_PRIMASK(uint32_t priMask)
 195:C:\DAVE-3.1.10\eclipse\/../CMSIS/Include\core_cmFunc.h **** {
 196:C:\DAVE-3.1.10\eclipse\/../CMSIS/Include\core_cmFunc.h ****   register uint32_t __regPriMask         __ASM("primask");
 197:C:\DAVE-3.1.10\eclipse\/../CMSIS/Include\core_cmFunc.h ****   __regPriMask = (priMask);
 198:C:\DAVE-3.1.10\eclipse\/../CMSIS/Include\core_cmFunc.h **** }
 199:C:\DAVE-3.1.10\eclipse\/../CMSIS/Include\core_cmFunc.h **** 
 200:C:\DAVE-3.1.10\eclipse\/../CMSIS/Include\core_cmFunc.h **** 
 201:C:\DAVE-3.1.10\eclipse\/../CMSIS/Include\core_cmFunc.h **** #if       (__CORTEX_M >= 0x03)
 202:C:\DAVE-3.1.10\eclipse\/../CMSIS/Include\core_cmFunc.h **** 
 203:C:\DAVE-3.1.10\eclipse\/../CMSIS/Include\core_cmFunc.h **** /** \brief  Enable FIQ
 204:C:\DAVE-3.1.10\eclipse\/../CMSIS/Include\core_cmFunc.h **** 
 205:C:\DAVE-3.1.10\eclipse\/../CMSIS/Include\core_cmFunc.h ****     This function enables FIQ interrupts by clearing the F-bit in the CPSR.
 206:C:\DAVE-3.1.10\eclipse\/../CMSIS/Include\core_cmFunc.h ****     Can only be executed in Privileged modes.
 207:C:\DAVE-3.1.10\eclipse\/../CMSIS/Include\core_cmFunc.h ****  */
 208:C:\DAVE-3.1.10\eclipse\/../CMSIS/Include\core_cmFunc.h **** #define __enable_fault_irq                __enable_fiq
 209:C:\DAVE-3.1.10\eclipse\/../CMSIS/Include\core_cmFunc.h **** 
 210:C:\DAVE-3.1.10\eclipse\/../CMSIS/Include\core_cmFunc.h **** 
 211:C:\DAVE-3.1.10\eclipse\/../CMSIS/Include\core_cmFunc.h **** /** \brief  Disable FIQ
 212:C:\DAVE-3.1.10\eclipse\/../CMSIS/Include\core_cmFunc.h **** 
 213:C:\DAVE-3.1.10\eclipse\/../CMSIS/Include\core_cmFunc.h ****     This function disables FIQ interrupts by setting the F-bit in the CPSR.
 214:C:\DAVE-3.1.10\eclipse\/../CMSIS/Include\core_cmFunc.h ****     Can only be executed in Privileged modes.
 215:C:\DAVE-3.1.10\eclipse\/../CMSIS/Include\core_cmFunc.h ****  */
 216:C:\DAVE-3.1.10\eclipse\/../CMSIS/Include\core_cmFunc.h **** #define __disable_fault_irq               __disable_fiq
 217:C:\DAVE-3.1.10\eclipse\/../CMSIS/Include\core_cmFunc.h **** 
 218:C:\DAVE-3.1.10\eclipse\/../CMSIS/Include\core_cmFunc.h **** 
 219:C:\DAVE-3.1.10\eclipse\/../CMSIS/Include\core_cmFunc.h **** /** \brief  Get Base Priority
 220:C:\DAVE-3.1.10\eclipse\/../CMSIS/Include\core_cmFunc.h **** 
 221:C:\DAVE-3.1.10\eclipse\/../CMSIS/Include\core_cmFunc.h ****     This function returns the current value of the Base Priority register.
 222:C:\DAVE-3.1.10\eclipse\/../CMSIS/Include\core_cmFunc.h **** 
 223:C:\DAVE-3.1.10\eclipse\/../CMSIS/Include\core_cmFunc.h ****     \return               Base Priority register value
 224:C:\DAVE-3.1.10\eclipse\/../CMSIS/Include\core_cmFunc.h ****  */
 225:C:\DAVE-3.1.10\eclipse\/../CMSIS/Include\core_cmFunc.h **** __STATIC_INLINE uint32_t  __get_BASEPRI(void)
 226:C:\DAVE-3.1.10\eclipse\/../CMSIS/Include\core_cmFunc.h **** {
 227:C:\DAVE-3.1.10\eclipse\/../CMSIS/Include\core_cmFunc.h ****   register uint32_t __regBasePri         __ASM("basepri");
 228:C:\DAVE-3.1.10\eclipse\/../CMSIS/Include\core_cmFunc.h ****   return(__regBasePri);
 229:C:\DAVE-3.1.10\eclipse\/../CMSIS/Include\core_cmFunc.h **** }
 230:C:\DAVE-3.1.10\eclipse\/../CMSIS/Include\core_cmFunc.h **** 
 231:C:\DAVE-3.1.10\eclipse\/../CMSIS/Include\core_cmFunc.h **** 
 232:C:\DAVE-3.1.10\eclipse\/../CMSIS/Include\core_cmFunc.h **** /** \brief  Set Base Priority
 233:C:\DAVE-3.1.10\eclipse\/../CMSIS/Include\core_cmFunc.h **** 
 234:C:\DAVE-3.1.10\eclipse\/../CMSIS/Include\core_cmFunc.h ****     This function assigns the given value to the Base Priority register.
 235:C:\DAVE-3.1.10\eclipse\/../CMSIS/Include\core_cmFunc.h **** 
 236:C:\DAVE-3.1.10\eclipse\/../CMSIS/Include\core_cmFunc.h ****     \param [in]    basePri  Base Priority value to set
 237:C:\DAVE-3.1.10\eclipse\/../CMSIS/Include\core_cmFunc.h ****  */
 238:C:\DAVE-3.1.10\eclipse\/../CMSIS/Include\core_cmFunc.h **** __STATIC_INLINE void __set_BASEPRI(uint32_t basePri)
 239:C:\DAVE-3.1.10\eclipse\/../CMSIS/Include\core_cmFunc.h **** {
 240:C:\DAVE-3.1.10\eclipse\/../CMSIS/Include\core_cmFunc.h ****   register uint32_t __regBasePri         __ASM("basepri");
 241:C:\DAVE-3.1.10\eclipse\/../CMSIS/Include\core_cmFunc.h ****   __regBasePri = (basePri & 0xff);
 242:C:\DAVE-3.1.10\eclipse\/../CMSIS/Include\core_cmFunc.h **** }
 243:C:\DAVE-3.1.10\eclipse\/../CMSIS/Include\core_cmFunc.h **** 
 244:C:\DAVE-3.1.10\eclipse\/../CMSIS/Include\core_cmFunc.h **** 
 245:C:\DAVE-3.1.10\eclipse\/../CMSIS/Include\core_cmFunc.h **** /** \brief  Get Fault Mask
 246:C:\DAVE-3.1.10\eclipse\/../CMSIS/Include\core_cmFunc.h **** 
 247:C:\DAVE-3.1.10\eclipse\/../CMSIS/Include\core_cmFunc.h ****     This function returns the current value of the Fault Mask register.
 248:C:\DAVE-3.1.10\eclipse\/../CMSIS/Include\core_cmFunc.h **** 
 249:C:\DAVE-3.1.10\eclipse\/../CMSIS/Include\core_cmFunc.h ****     \return               Fault Mask register value
 250:C:\DAVE-3.1.10\eclipse\/../CMSIS/Include\core_cmFunc.h ****  */
 251:C:\DAVE-3.1.10\eclipse\/../CMSIS/Include\core_cmFunc.h **** __STATIC_INLINE uint32_t __get_FAULTMASK(void)
 252:C:\DAVE-3.1.10\eclipse\/../CMSIS/Include\core_cmFunc.h **** {
 253:C:\DAVE-3.1.10\eclipse\/../CMSIS/Include\core_cmFunc.h ****   register uint32_t __regFaultMask       __ASM("faultmask");
 254:C:\DAVE-3.1.10\eclipse\/../CMSIS/Include\core_cmFunc.h ****   return(__regFaultMask);
 255:C:\DAVE-3.1.10\eclipse\/../CMSIS/Include\core_cmFunc.h **** }
 256:C:\DAVE-3.1.10\eclipse\/../CMSIS/Include\core_cmFunc.h **** 
 257:C:\DAVE-3.1.10\eclipse\/../CMSIS/Include\core_cmFunc.h **** 
 258:C:\DAVE-3.1.10\eclipse\/../CMSIS/Include\core_cmFunc.h **** /** \brief  Set Fault Mask
 259:C:\DAVE-3.1.10\eclipse\/../CMSIS/Include\core_cmFunc.h **** 
 260:C:\DAVE-3.1.10\eclipse\/../CMSIS/Include\core_cmFunc.h ****     This function assigns the given value to the Fault Mask register.
 261:C:\DAVE-3.1.10\eclipse\/../CMSIS/Include\core_cmFunc.h **** 
 262:C:\DAVE-3.1.10\eclipse\/../CMSIS/Include\core_cmFunc.h ****     \param [in]    faultMask  Fault Mask value to set
 263:C:\DAVE-3.1.10\eclipse\/../CMSIS/Include\core_cmFunc.h ****  */
 264:C:\DAVE-3.1.10\eclipse\/../CMSIS/Include\core_cmFunc.h **** __STATIC_INLINE void __set_FAULTMASK(uint32_t faultMask)
 265:C:\DAVE-3.1.10\eclipse\/../CMSIS/Include\core_cmFunc.h **** {
 266:C:\DAVE-3.1.10\eclipse\/../CMSIS/Include\core_cmFunc.h ****   register uint32_t __regFaultMask       __ASM("faultmask");
 267:C:\DAVE-3.1.10\eclipse\/../CMSIS/Include\core_cmFunc.h ****   __regFaultMask = (faultMask & (uint32_t)1);
 268:C:\DAVE-3.1.10\eclipse\/../CMSIS/Include\core_cmFunc.h **** }
 269:C:\DAVE-3.1.10\eclipse\/../CMSIS/Include\core_cmFunc.h **** 
 270:C:\DAVE-3.1.10\eclipse\/../CMSIS/Include\core_cmFunc.h **** #endif /* (__CORTEX_M >= 0x03) */
 271:C:\DAVE-3.1.10\eclipse\/../CMSIS/Include\core_cmFunc.h **** 
 272:C:\DAVE-3.1.10\eclipse\/../CMSIS/Include\core_cmFunc.h **** 
 273:C:\DAVE-3.1.10\eclipse\/../CMSIS/Include\core_cmFunc.h **** #if       (__CORTEX_M == 0x04)
 274:C:\DAVE-3.1.10\eclipse\/../CMSIS/Include\core_cmFunc.h **** 
 275:C:\DAVE-3.1.10\eclipse\/../CMSIS/Include\core_cmFunc.h **** /** \brief  Get FPSCR
 276:C:\DAVE-3.1.10\eclipse\/../CMSIS/Include\core_cmFunc.h **** 
 277:C:\DAVE-3.1.10\eclipse\/../CMSIS/Include\core_cmFunc.h ****     This function returns the current value of the Floating Point Status/Control register.
 278:C:\DAVE-3.1.10\eclipse\/../CMSIS/Include\core_cmFunc.h **** 
 279:C:\DAVE-3.1.10\eclipse\/../CMSIS/Include\core_cmFunc.h ****     \return               Floating Point Status/Control register value
 280:C:\DAVE-3.1.10\eclipse\/../CMSIS/Include\core_cmFunc.h ****  */
 281:C:\DAVE-3.1.10\eclipse\/../CMSIS/Include\core_cmFunc.h **** __STATIC_INLINE uint32_t __get_FPSCR(void)
 282:C:\DAVE-3.1.10\eclipse\/../CMSIS/Include\core_cmFunc.h **** {
 283:C:\DAVE-3.1.10\eclipse\/../CMSIS/Include\core_cmFunc.h **** #if (__FPU_PRESENT == 1) && (__FPU_USED == 1)
 284:C:\DAVE-3.1.10\eclipse\/../CMSIS/Include\core_cmFunc.h ****   register uint32_t __regfpscr         __ASM("fpscr");
 285:C:\DAVE-3.1.10\eclipse\/../CMSIS/Include\core_cmFunc.h ****   return(__regfpscr);
 286:C:\DAVE-3.1.10\eclipse\/../CMSIS/Include\core_cmFunc.h **** #else
 287:C:\DAVE-3.1.10\eclipse\/../CMSIS/Include\core_cmFunc.h ****    return(0);
 288:C:\DAVE-3.1.10\eclipse\/../CMSIS/Include\core_cmFunc.h **** #endif
 289:C:\DAVE-3.1.10\eclipse\/../CMSIS/Include\core_cmFunc.h **** }
 290:C:\DAVE-3.1.10\eclipse\/../CMSIS/Include\core_cmFunc.h **** 
 291:C:\DAVE-3.1.10\eclipse\/../CMSIS/Include\core_cmFunc.h **** 
 292:C:\DAVE-3.1.10\eclipse\/../CMSIS/Include\core_cmFunc.h **** /** \brief  Set FPSCR
 293:C:\DAVE-3.1.10\eclipse\/../CMSIS/Include\core_cmFunc.h **** 
 294:C:\DAVE-3.1.10\eclipse\/../CMSIS/Include\core_cmFunc.h ****     This function assigns the given value to the Floating Point Status/Control register.
 295:C:\DAVE-3.1.10\eclipse\/../CMSIS/Include\core_cmFunc.h **** 
 296:C:\DAVE-3.1.10\eclipse\/../CMSIS/Include\core_cmFunc.h ****     \param [in]    fpscr  Floating Point Status/Control value to set
 297:C:\DAVE-3.1.10\eclipse\/../CMSIS/Include\core_cmFunc.h ****  */
 298:C:\DAVE-3.1.10\eclipse\/../CMSIS/Include\core_cmFunc.h **** __STATIC_INLINE void __set_FPSCR(uint32_t fpscr)
 299:C:\DAVE-3.1.10\eclipse\/../CMSIS/Include\core_cmFunc.h **** {
 300:C:\DAVE-3.1.10\eclipse\/../CMSIS/Include\core_cmFunc.h **** #if (__FPU_PRESENT == 1) && (__FPU_USED == 1)
 301:C:\DAVE-3.1.10\eclipse\/../CMSIS/Include\core_cmFunc.h ****   register uint32_t __regfpscr         __ASM("fpscr");
 302:C:\DAVE-3.1.10\eclipse\/../CMSIS/Include\core_cmFunc.h ****   __regfpscr = (fpscr);
 303:C:\DAVE-3.1.10\eclipse\/../CMSIS/Include\core_cmFunc.h **** #endif
 304:C:\DAVE-3.1.10\eclipse\/../CMSIS/Include\core_cmFunc.h **** }
 305:C:\DAVE-3.1.10\eclipse\/../CMSIS/Include\core_cmFunc.h **** 
 306:C:\DAVE-3.1.10\eclipse\/../CMSIS/Include\core_cmFunc.h **** #endif /* (__CORTEX_M == 0x04) */
 307:C:\DAVE-3.1.10\eclipse\/../CMSIS/Include\core_cmFunc.h **** 
 308:C:\DAVE-3.1.10\eclipse\/../CMSIS/Include\core_cmFunc.h **** 
 309:C:\DAVE-3.1.10\eclipse\/../CMSIS/Include\core_cmFunc.h **** #elif defined ( __ICCARM__ ) /*------------------ ICC Compiler -------------------*/
 310:C:\DAVE-3.1.10\eclipse\/../CMSIS/Include\core_cmFunc.h **** /* IAR iccarm specific functions */
 311:C:\DAVE-3.1.10\eclipse\/../CMSIS/Include\core_cmFunc.h **** 
 312:C:\DAVE-3.1.10\eclipse\/../CMSIS/Include\core_cmFunc.h **** #include <cmsis_iar.h>
 313:C:\DAVE-3.1.10\eclipse\/../CMSIS/Include\core_cmFunc.h **** 
 314:C:\DAVE-3.1.10\eclipse\/../CMSIS/Include\core_cmFunc.h **** 
 315:C:\DAVE-3.1.10\eclipse\/../CMSIS/Include\core_cmFunc.h **** #elif defined ( __TMS470__ ) /*---------------- TI CCS Compiler ------------------*/
 316:C:\DAVE-3.1.10\eclipse\/../CMSIS/Include\core_cmFunc.h **** /* TI CCS specific functions */
 317:C:\DAVE-3.1.10\eclipse\/../CMSIS/Include\core_cmFunc.h **** 
 318:C:\DAVE-3.1.10\eclipse\/../CMSIS/Include\core_cmFunc.h **** #include <cmsis_ccs.h>
 319:C:\DAVE-3.1.10\eclipse\/../CMSIS/Include\core_cmFunc.h **** 
 320:C:\DAVE-3.1.10\eclipse\/../CMSIS/Include\core_cmFunc.h **** 
 321:C:\DAVE-3.1.10\eclipse\/../CMSIS/Include\core_cmFunc.h **** #elif defined ( __GNUC__ ) /*------------------ GNU Compiler ---------------------*/
 322:C:\DAVE-3.1.10\eclipse\/../CMSIS/Include\core_cmFunc.h **** /* GNU gcc specific functions */
 323:C:\DAVE-3.1.10\eclipse\/../CMSIS/Include\core_cmFunc.h **** 
 324:C:\DAVE-3.1.10\eclipse\/../CMSIS/Include\core_cmFunc.h **** /** \brief  Enable IRQ Interrupts
 325:C:\DAVE-3.1.10\eclipse\/../CMSIS/Include\core_cmFunc.h **** 
 326:C:\DAVE-3.1.10\eclipse\/../CMSIS/Include\core_cmFunc.h ****   This function enables IRQ interrupts by clearing the I-bit in the CPSR.
 327:C:\DAVE-3.1.10\eclipse\/../CMSIS/Include\core_cmFunc.h ****   Can only be executed in Privileged modes.
 328:C:\DAVE-3.1.10\eclipse\/../CMSIS/Include\core_cmFunc.h ****  */
 329:C:\DAVE-3.1.10\eclipse\/../CMSIS/Include\core_cmFunc.h **** __attribute__( ( always_inline ) ) __STATIC_INLINE void __enable_irq(void)
 330:C:\DAVE-3.1.10\eclipse\/../CMSIS/Include\core_cmFunc.h **** {
 331:C:\DAVE-3.1.10\eclipse\/../CMSIS/Include\core_cmFunc.h ****   __ASM volatile ("cpsie i" : : : "memory");
 332:C:\DAVE-3.1.10\eclipse\/../CMSIS/Include\core_cmFunc.h **** }
 333:C:\DAVE-3.1.10\eclipse\/../CMSIS/Include\core_cmFunc.h **** 
 334:C:\DAVE-3.1.10\eclipse\/../CMSIS/Include\core_cmFunc.h **** 
 335:C:\DAVE-3.1.10\eclipse\/../CMSIS/Include\core_cmFunc.h **** /** \brief  Disable IRQ Interrupts
 336:C:\DAVE-3.1.10\eclipse\/../CMSIS/Include\core_cmFunc.h **** 
 337:C:\DAVE-3.1.10\eclipse\/../CMSIS/Include\core_cmFunc.h ****   This function disables IRQ interrupts by setting the I-bit in the CPSR.
 338:C:\DAVE-3.1.10\eclipse\/../CMSIS/Include\core_cmFunc.h ****   Can only be executed in Privileged modes.
 339:C:\DAVE-3.1.10\eclipse\/../CMSIS/Include\core_cmFunc.h ****  */
 340:C:\DAVE-3.1.10\eclipse\/../CMSIS/Include\core_cmFunc.h **** __attribute__( ( always_inline ) ) __STATIC_INLINE void __disable_irq(void)
 341:C:\DAVE-3.1.10\eclipse\/../CMSIS/Include\core_cmFunc.h **** {
 342:C:\DAVE-3.1.10\eclipse\/../CMSIS/Include\core_cmFunc.h ****   __ASM volatile ("cpsid i" : : : "memory");
 356              		.loc 3 342 0
 357              	@ 342 "C:\DAVE-3.1.10\eclipse\/../CMSIS/Include/core_cmFunc.h" 1
 358 0050 72B6     		cpsid i
 359              	@ 0 "" 2
 360              		.code	16
 361              	.LBE10:
 362              	.LBE9:
  60:../main.c     **** 		else
  61:../main.c     **** 		{
  62:../main.c     **** 			__disable_irq();
  63:../main.c     **** 			updateWS2812LEDs(*lightState);
 363              		.loc 2 63 0
 364 0052 FB68     		ldr	r3, [r7, #12]
 365 0054 1B78     		ldrb	r3, [r3]
 366 0056 181C     		mov	r0, r3
 367 0058 FFF7FEFF 		bl	updateWS2812LEDs
 368              	.LBB11:
 369              	.LBB12:
 331:C:\DAVE-3.1.10\eclipse\/../CMSIS/Include\core_cmFunc.h ****   __ASM volatile ("cpsie i" : : : "memory");
 370              		.loc 3 331 0
 371              	@ 331 "C:\DAVE-3.1.10\eclipse\/../CMSIS/Include/core_cmFunc.h" 1
 372 005c 62B6     		cpsie i
 373              	@ 0 "" 2
 374              		.code	16
 375              	.L17:
 376              	.LBE12:
 377              	.LBE11:
 378              	.LBE8:
  64:../main.c     **** 			__enable_irq();
  65:../main.c     **** 		}
  66:../main.c     **** 	}
  67:../main.c     **** }
 379              		.loc 2 67 0
 380 005e BD46     		mov	sp, r7
 381 0060 04B0     		add	sp, sp, #16
 382              		@ sp needed for prologue
 383 0062 80BD     		pop	{r7, pc}
 384              	.L23:
 385              		.align	2
 386              	.L22:
 387 0064 00000000 		.word	animationTimer
 388              		.cfi_endproc
 389              	.LFE398:
 391              		.text
 392              	.Letext0:
 393              		.file 4 "c:\\dave-3.1.10\\arm-gcc\\bin\\../lib/gcc/arm-none-eabi/4.7.4/../../../../arm-none-eabi/i
 394              		.file 5 "C:\\DAVE-3.1.10\\eclipse\\/../CMSIS/Infineon/XMC1100_series/Include/XMC1100.h"
 395              		.file 6 "C:\\DAVE3_workspace\\ws3.1.10\\LongboardLight\\Dave\\Generated\\inc\\DAVESupport/../../in
 396              		.file 7 "C:\\DAVE3_workspace\\ws3.1.10\\LongboardLight\\Dave\\Generated\\inc\\DAVESupport/../../in
 397              		.file 8 "../colorManagement.h"
DEFINED SYMBOLS
                            *ABS*:00000000 main.c
C:\Users\blinch\AppData\Local\Temp\ccsmA6q2.s:18     .text.P0_5_set_mode:00000000 $t
C:\Users\blinch\AppData\Local\Temp\ccsmA6q2.s:22     .text.P0_5_set_mode:00000000 P0_5_set_mode
C:\Users\blinch\AppData\Local\Temp\ccsmA6q2.s:65     .text.P0_5_set_mode:00000030 $d
C:\Users\blinch\AppData\Local\Temp\ccsmA6q2.s:71     .text.P0_6_set_mode:00000000 $t
C:\Users\blinch\AppData\Local\Temp\ccsmA6q2.s:75     .text.P0_6_set_mode:00000000 P0_6_set_mode
C:\Users\blinch\AppData\Local\Temp\ccsmA6q2.s:117    .text.P0_6_set_mode:00000030 $d
C:\Users\blinch\AppData\Local\Temp\ccsmA6q2.s:123    .text.P0_6_read:00000000 $t
C:\Users\blinch\AppData\Local\Temp\ccsmA6q2.s:127    .text.P0_6_read:00000000 P0_6_read
C:\Users\blinch\AppData\Local\Temp\ccsmA6q2.s:152    .text.P0_6_read:00000014 $d
                            *COM*:00000004 animationTimer
C:\Users\blinch\AppData\Local\Temp\ccsmA6q2.s:158    .text.main:00000000 $t
C:\Users\blinch\AppData\Local\Temp\ccsmA6q2.s:163    .text.main:00000000 main
C:\Users\blinch\AppData\Local\Temp\ccsmA6q2.s:280    .text.main:000000b0 $d
C:\Users\blinch\AppData\Local\Temp\ccsmA6q2.s:292    .text.buttonRead:00000000 buttonRead
C:\Users\blinch\AppData\Local\Temp\ccsmA6q2.s:287    .text.buttonRead:00000000 $t
C:\Users\blinch\AppData\Local\Temp\ccsmA6q2.s:387    .text.buttonRead:00000064 $d
                     .debug_frame:00000010 $d
                           .group:00000000 wm4.1.4f34ab06ae2725aaf04d3230f4ec23a7
                           .group:00000000 wm4.XMC1100.h.45.7a7cd799d7738130fcda8b83b0aa37d4
                           .group:00000000 wm4.core_cm0.h.47.022e66414e77714da7c4b30b3ad99fe8
                           .group:00000000 wm4.newlib.h.8.a9901dc52d1357e3e94003403d43f8b5
                           .group:00000000 wm4.features.h.22.b72b3baab2bb2eab3661375590100b6b
                           .group:00000000 wm4.config.h.193.5fb8ef056cdff92dec3dee9552839d8c
                           .group:00000000 wm4._ansi.h.23.7aefdac4826acebbfc9f3822a0aeb14c
                           .group:00000000 wm4.stdint.h.20.54ad762faa59e3c05491630641c8d8bf
                           .group:00000000 wm4.core_cmInstr.h.39.b7b6650bdd2316848d940915272d75b8
                           .group:00000000 wm4.core_cm0.h.135.ca70469f87e143609670bb393bfa6518
                           .group:00000000 wm4.XMC1000_RomFunctionTable.h.31.6d9a94465618f31b040dc9cea9a47ad7
                           .group:00000000 wm4.XMC1100.h.114.be3711f71ee045884346be801053f4c0
                           .group:00000000 wm4.stddef.h.40.50cf36416e06376af8a9dca28536f2e4
                           .group:00000000 wm4.types.h.60.e75c47576398c648cdcf9000ace5e3d8
                           .group:00000000 wm4.MULTIPLEXER.h.46.383e3edbb9cbf6e538f7c1532ef623c1
                           .group:00000000 wm4.SYSTM001.h.64.af8873ad2b760a8c44fafec70d7e8a7e
                           .group:00000000 wm4.colorManagement.h.9.aec7e36cf16c992a4558b1f1b89b527f
                           .group:00000000 wm4.GPIO.h.2.93bf17ee3a853f64308a0e4d0c9f6a08
                           .group:00000000 wm4.light_ws2812_cortex.h.13.35f7c331907453d2ee4e94afc512b442

UNDEFINED SYMBOLS
DAVE_Init
SYSTM001_CreateTimer
SYSTM001_StartTimer
redDotOnBlueLine
SYSTM001_StopTimer
updateWS2812LEDs
